2024-08-13 09:37:01 [info]: Age update script completed.
2024-08-13 09:37:01 [info]: 
+-----------------------------------------+
|          Age Update Report             |
+-----------------------------------------+
| Total Players Processed:            0 |
+-----------------------------------------+

Completed Tasks:
================

[2024-08-13 09:37:01]  Successfully connected to the database.

[2024-08-13 09:37:01]  Total Players to be processed for status alive: 0 in 0 batches.

[2024-08-13 09:37:01]  Total Players to be processed for status sleeping: 0 in 0 batches.

[2024-08-13 09:37:01]  Total Players to be processed for status sleeping: 0 in 0 batches.

[2024-08-13 09:37:01]  Total Players to be processed for status sleeping: 0 in 0 batches.

[2024-08-13 09:37:01]  Total Players to be processed for status sleeping: 0 in 0 batches.


2024-08-13 09:46:59 [info]: Age update script completed.
2024-08-13 09:46:59 [info]: 
+-----------------------------------------+
|          Age Update Report             |
+-----------------------------------------+
| Total Players Processed:            0 |
+-----------------------------------------+

Completed Tasks:
================

[2024-08-13 09:46:59]  Successfully connected to the database.

[2024-08-13 09:46:59]  Total Players to be processed for status alive: 0 in 0 batches.

[2024-08-13 09:46:59]  Total Players to be processed for status sleeping: 0 in 0 batches.

[2024-08-13 09:46:59]  Total Players to be processed for status sleeping: 0 in 0 batches.

[2024-08-13 09:46:59]  Total Players to be processed for status sleeping: 0 in 0 batches.

[2024-08-13 09:46:59]  Total Players to be processed for status sleeping: 0 in 0 batches.


2024-08-13 09:58:11 [info]: Age update script completed.
2024-08-13 09:58:11 [info]: 
+-----------------------------------------+
|          Age Update Report             |
+-----------------------------------------+
| Total Players Processed:            0 |
+-----------------------------------------+

Completed Tasks:
================

[2024-08-13 09:58:11]  Successfully connected to the database.

[2024-08-13 09:58:11]  Total Players to be processed for status alive: 0 in 0 batches.

[2024-08-13 09:58:11]  Total Players to be processed for status sleeping: 0 in 0 batches.

[2024-08-13 09:58:11]  Total Players to be processed for status sleeping: 0 in 0 batches.

[2024-08-13 09:58:11]  Total Players to be processed for status sleeping: 0 in 0 batches.

[2024-08-13 09:58:11]  Total Players to be processed for status sleeping: 0 in 0 batches.


2024-08-13 10:01:05 [info]: Age update script completed.
2024-08-13 10:01:05 [info]: 
+-----------------------------------------+
|          Age Update Report             |
+-----------------------------------------+
| Total Players Processed:            0 |
+-----------------------------------------+

Completed Tasks:
================

[2024-08-13 10:01:05]  Successfully connected to the database.

[2024-08-13 10:01:05]  Total Players to be processed for status alive: 0 in 0 batches.

[2024-08-13 10:01:05]  Total Players to be processed for status sleeping: 0 in 0 batches.

[2024-08-13 10:01:05]  Total Players to be processed for status sleeping: 0 in 0 batches.

[2024-08-13 10:01:05]  Total Players to be processed for status sleeping: 0 in 0 batches.

[2024-08-13 10:01:05]  Total Players to be processed for status sleeping: 0 in 0 batches.


2024-08-13 10:03:23 [info]: Age update script completed.
2024-08-13 10:03:23 [info]: 
+-----------------------------------------+
|          Age Update Report             |
+-----------------------------------------+
| Total Players Processed:            0 |
+-----------------------------------------+

Completed Tasks:
================

[2024-08-13 10:03:23]  Successfully connected to the database.

[2024-08-13 10:03:23]  Total Players to be processed for status alive: 0 in 0 batches.

[2024-08-13 10:03:23]  Total Players to be processed for status sleeping: 0 in 0 batches.

[2024-08-13 10:03:23]  Total Players to be processed for status sleeping: 0 in 0 batches.

[2024-08-13 10:03:23]  Total Players to be processed for status sleeping: 0 in 0 batches.

[2024-08-13 10:03:23]  Total Players to be processed for status sleeping: 0 in 0 batches.


2024-08-16 02:49:16 [info]: Age update script completed.
2024-08-16 02:49:16 [info]: 
+-----------------------------------------+
|          Age Update Report             |
+-----------------------------------------+
| Total Players Processed:            0 |
+-----------------------------------------+

Completed Tasks:
================

[2024-08-16 02:49:16]  Successfully connected to the database.

[2024-08-16 02:49:16]  Total Players to be processed for status alive: 0 in 0 batches.

[2024-08-16 02:49:16]  Total Players to be processed for status sleeping: 0 in 0 batches.

[2024-08-16 02:49:16]  Total Players to be processed for status sleeping: 0 in 0 batches.

[2024-08-16 02:49:16]  Total Players to be processed for status sleeping: 0 in 0 batches.

[2024-08-16 02:49:16]  Total Players to be processed for status sleeping: 0 in 0 batches.


2024-08-16 03:01:46 [info]: Age update script completed.
2024-08-16 03:01:46 [info]: 
+-----------------------------------------+
|          Age Update Report             |
+-----------------------------------------+
| Total Players Processed:            0 |
+-----------------------------------------+

Completed Tasks:
================

[2024-08-16 03:01:46]  Successfully connected to the database.

[2024-08-16 03:01:46]  Total Players to be processed for status alive: 0 in 0 batches.

[2024-08-16 03:01:46]  Total Players to be processed for status sleeping: 0 in 0 batches.

[2024-08-16 03:01:46]  Total Players to be processed for status sleeping: 0 in 0 batches.

[2024-08-16 03:01:46]  Total Players to be processed for status sleeping: 0 in 0 batches.

[2024-08-16 03:01:46]  Total Players to be processed for status sleeping: 0 in 0 batches.


2024-08-16 03:09:33 [info]: Age update script completed.
2024-08-16 03:09:33 [info]: 
+-----------------------------------------+
|          Age Update Report             |
+-----------------------------------------+
| Total Players Processed:            0 |
+-----------------------------------------+

Completed Tasks:
================

[2024-08-16 03:09:33]  Successfully connected to the database.

[2024-08-16 03:09:33]  Total Players to be processed for status alive: 0 in 0 batches.

[2024-08-16 03:09:33]  Total Players to be processed for status sleeping: 0 in 0 batches.

[2024-08-16 03:09:33]  Total Players to be processed for status sleeping: 0 in 0 batches.

[2024-08-16 03:09:33]  Total Players to be processed for status sleeping: 0 in 0 batches.

[2024-08-16 03:09:33]  Total Players to be processed for status sleeping: 0 in 0 batches.


2024-08-16 03:11:46 [info]: Age update script completed.
2024-08-16 03:11:46 [info]: 
+-----------------------------------------+
|          Age Update Report             |
+-----------------------------------------+
| Total Players Processed:            0 |
+-----------------------------------------+

Completed Tasks:
================

[2024-08-16 03:11:46]  Successfully connected to the database.

[2024-08-16 03:11:46]  Total Players to be processed for status alive: 0 in 0 batches.

[2024-08-16 03:11:46]  Total Players to be processed for status sleeping: 0 in 0 batches.

[2024-08-16 03:11:46]  Total Players to be processed for status sleeping: 0 in 0 batches.

[2024-08-16 03:11:46]  Total Players to be processed for status sleeping: 0 in 0 batches.

[2024-08-16 03:11:46]  Total Players to be processed for status sleeping: 0 in 0 batches.


2024-08-16 03:17:49 [info]: Age update script completed.
2024-08-16 03:17:49 [info]: 
+-----------------------------------------+
|          Age Update Report             |
+-----------------------------------------+
| Total Players Processed:            0 |
+-----------------------------------------+

Completed Tasks:
================

[2024-08-16 03:17:49]  Successfully connected to the database.

[2024-08-16 03:17:49]  Total Players to be processed for status alive: 0 in 0 batches.

[2024-08-16 03:17:49]  Total Players to be processed for status sleeping: 0 in 0 batches.

[2024-08-16 03:17:49]  Total Players to be processed for status sleeping: 0 in 0 batches.

[2024-08-16 03:17:49]  Total Players to be processed for status sleeping: 0 in 0 batches.

[2024-08-16 03:17:49]  Total Players to be processed for status sleeping: 0 in 0 batches.


2024-08-16 03:18:05 [info]: Age update script completed.
2024-08-16 03:18:05 [info]: 
+-----------------------------------------+
|          Age Update Report             |
+-----------------------------------------+
| Total Players Processed:            0 |
+-----------------------------------------+

Completed Tasks:
================

[2024-08-16 03:18:05]  Successfully connected to the database.

[2024-08-16 03:18:05]  Total Players to be processed for status alive: 0 in 0 batches.

[2024-08-16 03:18:05]  Total Players to be processed for status sleeping: 0 in 0 batches.

[2024-08-16 03:18:05]  Total Players to be processed for status sleeping: 0 in 0 batches.

[2024-08-16 03:18:05]  Total Players to be processed for status sleeping: 0 in 0 batches.

[2024-08-16 03:18:05]  Total Players to be processed for status sleeping: 0 in 0 batches.


2024-08-17 08:08:20 [info]: Age update script completed.
2024-08-17 08:08:20 [info]: 
+-----------------------------------------+
|          Age Update Report             |
+-----------------------------------------+
| Total Players Processed:            0 |
+-----------------------------------------+

Completed Tasks:
================

[2024-08-17 08:08:20]  Successfully connected to the database.

[2024-08-17 08:08:20]  Total Players to be processed for status alive: 0 in 0 batches.

[2024-08-17 08:08:20]  Total Players to be processed for status sleeping: 0 in 0 batches.

[2024-08-17 08:08:20]  Total Players to be processed for status sleeping: 0 in 0 batches.

[2024-08-17 08:08:20]  Total Players to be processed for status sleeping: 0 in 0 batches.

[2024-08-17 08:08:20]  Total Players to be processed for status sleeping: 0 in 0 batches.


2024-08-17 08:25:19 [info]: Age update script completed.
2024-08-17 08:25:19 [info]: 
+-----------------------------------------+
|          Age Update Report             |
+-----------------------------------------+
| Total Players Processed:            0 |
+-----------------------------------------+

Completed Tasks:
================

[2024-08-17 08:25:19]  Successfully connected to the database.

[2024-08-17 08:25:19]  Total Players to be processed for status alive: 0 in 0 batches.

[2024-08-17 08:25:19]  Total Players to be processed for status sleeping: 0 in 0 batches.

[2024-08-17 08:25:19]  Total Players to be processed for status sleeping: 0 in 0 batches.

[2024-08-17 08:25:19]  Total Players to be processed for status sleeping: 0 in 0 batches.

[2024-08-17 08:25:19]  Total Players to be processed for status sleeping: 0 in 0 batches.


2024-08-17 08:28:12 [info]: Age update script completed.
2024-08-17 08:28:12 [info]: 
+-----------------------------------------+
|          Age Update Report             |
+-----------------------------------------+
| Total Players Processed:            0 |
+-----------------------------------------+

Completed Tasks:
================

[2024-08-17 08:28:12]  Successfully connected to the database.

[2024-08-17 08:28:12]  Total Players to be processed for status alive: 0 in 0 batches.

[2024-08-17 08:28:12]  Total Players to be processed for status sleeping: 0 in 0 batches.

[2024-08-17 08:28:12]  Total Players to be processed for status sleeping: 0 in 0 batches.

[2024-08-17 08:28:12]  Total Players to be processed for status sleeping: 0 in 0 batches.

[2024-08-17 08:28:12]  Total Players to be processed for status sleeping: 0 in 0 batches.


2024-08-17 08:36:17 [info]: Age update script completed.
2024-08-17 08:36:17 [info]: 
+-----------------------------------------+
|          Age Update Report             |
+-----------------------------------------+
| Total Players Processed:            0 |
+-----------------------------------------+

Completed Tasks:
================

[2024-08-17 08:36:17]  Successfully connected to the database.

[2024-08-17 08:36:17]  Total Players to be processed for status alive: 0 in 0 batches.

[2024-08-17 08:36:17]  Total Players to be processed for status sleeping: 0 in 0 batches.

[2024-08-17 08:36:17]  Total Players to be processed for status sleeping: 0 in 0 batches.

[2024-08-17 08:36:17]  Total Players to be processed for status sleeping: 0 in 0 batches.

[2024-08-17 08:36:17]  Total Players to be processed for status sleeping: 0 in 0 batches.


2024-08-17 08:45:22 [info]: Age update script completed.
2024-08-17 08:45:22 [info]: 
+-----------------------------------------+
|          Age Update Report             |
+-----------------------------------------+
| Total Players Processed:            0 |
+-----------------------------------------+

Completed Tasks:
================

[2024-08-17 08:45:22]  Successfully connected to the database.

[2024-08-17 08:45:22]  Total Players to be processed for status alive: 0 in 0 batches.

[2024-08-17 08:45:22]  Total Players to be processed for status sleeping: 0 in 0 batches.

[2024-08-17 08:45:22]  Total Players to be processed for status sleeping: 0 in 0 batches.

[2024-08-17 08:45:22]  Total Players to be processed for status sleeping: 0 in 0 batches.

[2024-08-17 08:45:22]  Total Players to be processed for status sleeping: 0 in 0 batches.


2024-08-17 08:50:03 [info]: Age update script completed.
2024-08-17 08:50:03 [info]: 
+-----------------------------------------+
|          Age Update Report             |
+-----------------------------------------+
| Total Players Processed:            0 |
+-----------------------------------------+

Completed Tasks:
================

[2024-08-17 08:50:03]  Successfully connected to the database.

[2024-08-17 08:50:03]  Total Players to be processed for status alive: 0 in 0 batches.

[2024-08-17 08:50:03]  Total Players to be processed for status sleeping: 0 in 0 batches.

[2024-08-17 08:50:03]  Total Players to be processed for status sleeping: 0 in 0 batches.

[2024-08-17 08:50:03]  Total Players to be processed for status sleeping: 0 in 0 batches.

[2024-08-17 08:50:03]  Total Players to be processed for status sleeping: 0 in 0 batches.


2024-08-17 11:12:48 [info]: Age update script completed.
2024-08-17 11:12:48 [info]: 
+-----------------------------------------+
|          Age Update Report             |
+-----------------------------------------+
| Total Players Processed:            1 |
+-----------------------------------------+

Completed Tasks:
================

[2024-08-17 11:12:48]  Successfully connected to the database.

[2024-08-17 11:12:48]  Total Players to be processed for status alive: 1 in 1 batches.

[2024-08-17 11:12:48]  Status alive - Batch 0: Successfully updated ages for 1 players.

[2024-08-17 11:12:48]  Total Players to be processed for status sleeping: 0 in 0 batches.

[2024-08-17 11:12:48]  Total Players to be processed for status sleeping: 0 in 0 batches.

[2024-08-17 11:12:48]  Total Players to be processed for status sleeping: 0 in 0 batches.

[2024-08-17 11:12:48]  Total Players to be processed for status sleeping: 0 in 0 batches.


2024-08-17 11:19:04 [info]: Age update script completed.
2024-08-17 11:19:04 [info]: 
+-----------------------------------------+
|          Age Update Report             |
+-----------------------------------------+
| Total Players Processed:            0 |
+-----------------------------------------+

Completed Tasks:
================

[2024-08-17 11:19:04]  Successfully connected to the database.

[2024-08-17 11:19:04]  Total Players to be processed for status alive: 0 in 0 batches.

[2024-08-17 11:19:04]  Total Players to be processed for status sleeping: 0 in 0 batches.

[2024-08-17 11:19:04]  Total Players to be processed for status sleeping: 0 in 0 batches.

[2024-08-17 11:19:04]  Total Players to be processed for status sleeping: 0 in 0 batches.

[2024-08-17 11:19:04]  Total Players to be processed for status sleeping: 0 in 0 batches.


2024-08-18 04:28:49 [info]: Age update script completed.
2024-08-18 04:28:49 [info]: 
+-----------------------------------------+
|          Age Update Report             |
+-----------------------------------------+
| Total Players Processed:            0 |
+-----------------------------------------+

Completed Tasks:
================

[2024-08-18 04:28:49]  Successfully connected to the database.

[2024-08-18 04:28:49]  Total Players to be processed for status alive: 0 in 0 batches.

[2024-08-18 04:28:49]  Total Players to be processed for status sleeping: 0 in 0 batches.

[2024-08-18 04:28:49]  Total Players to be processed for status sleeping: 0 in 0 batches.

[2024-08-18 04:28:49]  Total Players to be processed for status sleeping: 0 in 0 batches.

[2024-08-18 04:28:49]  Total Players to be processed for status sleeping: 0 in 0 batches.


2024-11-19 03:45:36 [info]: Age update script completed.
2024-11-19 03:45:36 [info]: 
+-----------------------------------------+
|          Age Update Report             |
+-----------------------------------------+
| Total Players Processed:          174 |
+-----------------------------------------+

Completed Tasks:
================

[2024-11-19 03:45:36]  Successfully connected to the database.

[2024-11-19 03:45:36]  Total Players to be processed for status alive: 174 in 1 batches.

[2024-11-19 03:45:36]  Status alive - Batch 0: Successfully updated ages for 174 players.

[2024-11-19 03:45:36]  Total Players to be processed for status sleeping: 0 in 0 batches.

[2024-11-19 03:45:36]  Total Players to be processed for status sleeping: 0 in 0 batches.

[2024-11-19 03:45:36]  Total Players to be processed for status sleeping: 0 in 0 batches.

[2024-11-19 03:45:36]  Total Players to be processed for status sleeping: 0 in 0 batches.


