[2025-01-24 09:28:05] Connected to the database successfully.
[2025-01-24 09:28:05] Fetched 697 player UUID(s) from DB.
[2025-01-24 09:28:15] Failed to fetch legacy name for [0000-0000-0000-0000-0000]: cURL error: Operation timed out after 10001 milliseconds with 0 bytes received
[2025-01-24 09:28:25] Failed to fetch legacy name for [001300-002300-0000-0000-0000]: cURL error: Operation timed out after 10001 milliseconds with 0 bytes received
[2025-01-24 09:28:25] Updated [0055c8bf-888f-458c-84df-145ebebce438] => 'sweetminds1234'
[2025-01-24 09:28:26] Updated [00ce2de8-ea0c-495e-8695-f47e1b33ee7d] => 'zillana andel'
[2025-01-24 09:28:27] Updated [012c8e61-5c44-4322-8b8c-a6a615b3e411] => 'guinevere levenque'
[2025-01-24 09:28:29] Updated [01a28e79-c040-4060-8c54-23f1dca12f35] => 'hotcandygirl'
[2025-01-24 09:28:30] Updated [01dc17b4-eca1-472d-be8c-1b2eb1808ab2] => 'nokthornus'
[2025-01-24 09:28:31] Updated [02aa654c-ba50-45c4-9ba9-8b3c291e1013] => 'christymoo2'
[2025-01-24 09:28:32] Updated [03eb2287-df2f-4798-bc3a-d7e58e993aea] => 'skankhunt442'
[2025-01-24 09:28:33] Updated [04ad59a4-f135-44b1-ba91-5ee477409d3a] => 'nurlansiyah'
[2025-01-24 09:28:34] Updated [057fccf4-a33d-4f3f-bd19-5f8656124fd5] => 'obliviousgoat'
[2025-01-24 09:28:35] Updated [059cc087-3038-44f3-9cee-b978d9fe904f] => 'potatojebus'
[2025-01-24 09:28:36] Updated [05a4365f-94f4-45bb-ab78-f7f655b37826] => 'valkiriaev4'
[2025-01-24 09:28:37] Updated [064737c8-b1f4-46f8-aecc-50f5215d20ab] => 'sin demure'
[2025-01-24 09:28:38] Updated [066d6e95-4e95-46a8-b71b-aa5e47aeb1b2] => 'tobias mcgregor'
[2025-01-24 09:28:39] Updated [0696e6cf-a084-4b4c-9892-1965820f9b38] => 'eterna91'
[2025-01-24 09:28:40] Updated [070a3e49-f3ca-48f3-a18b-87c45f591e42] => 'morganbl'
[2025-01-24 09:28:41] Updated [0721317f-abe5-4a1a-94c9-da167e3ece78] => 'junipertrue heartsong'
[2025-01-24 09:28:42] Updated [074ff0ed-e964-4e80-b471-e8678d5e9137] => 'sook onyx'
[2025-01-24 09:28:44] Updated [07aafc0d-29bc-4ca7-84b6-b54ad2938f6e] => 'aliya marques'
[2025-01-24 09:28:45] Updated [08668140-db3e-4bdd-8847-d7513644aa36] => 'calanthecintra'
[2025-01-24 09:28:46] Updated [08a132f5-8805-47fd-b1b7-11f95314978d] => 'kulatka25'
[2025-01-24 09:28:47] Updated [08c01698-edc5-4550-90db-069c0d12399a] => 'darkstarrapacity'
[2025-01-24 09:28:48] Updated [0998bd89-a3db-42e8-88a2-b76ea1a0935e] => 'alexus021'
[2025-01-24 09:28:49] Updated [09b81e28-9767-4f08-a671-65373ebb859a] => 'azaloth'
[2025-01-24 09:28:50] Updated [0a1bd67b-f1b3-4e21-bfc2-d4dfa6dc924a] => 'lucas vortex'
[2025-01-24 09:28:51] Updated [0a520f26-6999-4914-ad61-6c81dab0668d] => 'yumi demure'
[2025-01-24 09:28:52] Updated [0a713690-468d-43c0-aa1c-b66c6e41fad8] => 'katlyne75'
[2025-01-24 09:28:54] Updated [0b5612d1-aa49-4675-b45e-1969136aabb7] => 'donquijotepaga'
[2025-01-24 09:28:55] Updated [0b69094e-bd2e-4f1e-bf45-86f9b8d82b73] => 'acasia2'
[2025-01-24 09:28:56] Updated [0c226056-0b96-4618-9810-fd0e1d2c5c40] => 'nicolebgc'
[2025-01-24 09:28:57] Updated [0d51ad1b-c998-46c8-923a-6b76ce3092f3] => 'lily8676'
[2025-01-24 09:28:58] Updated [0da20916-4384-4a30-93d0-9655e630157c] => 'philiperaizen'
[2025-01-24 09:28:59] Updated [0e69a165-836d-4915-a034-5caecd31aa4e] => 'briannawolf'
[2025-01-24 09:29:00] Updated [0e98296a-fc0a-4654-ac05-ad5a5dfa82e0] => 'sageidentity'
[2025-01-24 09:29:01] Updated [0e9b1376-01ff-41b2-9e3a-3bfa93dba98f] => 'cowboytrev'
[2025-01-24 09:29:02] Updated [0ef3607b-a838-4371-923b-d5a39105f42b] => 'berry darkheart'
[2025-01-24 09:29:04] Updated [0f65d0b0-8140-410c-b21c-a761d4fadc6d] => 'nilinmarie'
[2025-01-24 09:29:05] Updated [101785b1-1b4c-48a2-b578-99d7753add10] => 'fannyclarke'
[2025-01-24 09:29:06] Updated [10368243-a953-4a1a-94fa-f50164835d55] => 'katsei'
[2025-01-24 09:29:07] Updated [10b2e406-1a94-4828-b4f8-a5e176a69fe5] => 'kev12584'
[2025-01-24 09:29:08] Updated [10c96cda-b8ec-417b-a99c-1d9a0b93b15f] => 'sladin12'
[2025-01-24 09:29:09] Updated [111e06b8-5251-44a8-a875-e6ccafb2ccf9] => 'alexmaniaxx'
[2025-01-24 09:29:10] Updated [1121b928-d042-4e26-9592-865c016c41d5] => 'acepersephone'
[2025-01-24 09:29:11] Updated [11221517-c4c7-495b-84a5-98f894a211b3] => 'reddangelwing'
[2025-01-24 09:29:12] Updated [113b0005-7d50-4d11-ba7d-c92fe2c5028a] => 'olegario blanco'
[2025-01-24 09:29:14] Updated [11b8f533-d50c-47b5-bcf9-363ffc28175d] => 'kaoticbbw zobovic'
[2025-01-24 09:29:15] Updated [11e24d28-4a90-48da-94a0-6918f69bd9dd] => 'zefrenuriquitensen'
[2025-01-24 09:29:16] Updated [11e79153-9d59-40c2-8564-f63ea8fd834f] => 'crissthie'
[2025-01-24 09:29:17] Updated [11f938b4-3f15-4c98-af52-0b37747d0eb8] => 'firepawz'
[2025-01-24 09:29:18] Updated [12c17628-ffde-4f46-a738-d3cd60ee371e] => 'dark86vampire'
[2025-01-24 09:29:19] Updated [131cdd1a-63e3-46df-9bba-859452c2fff6] => 'gabriielapr'
[2025-01-24 09:29:20] Updated [13ee32e4-a219-4d9e-8f6f-1db9a588e03e] => 'raziel362362'
[2025-01-24 09:29:22] Updated [150af65c-6626-47fa-91fa-de3433529e1a] => 'terroristapr'
[2025-01-24 09:29:23] Updated [158f85aa-c819-4c6c-9da8-89ac0a7648e1] => 'dariana secretspy'
[2025-01-24 09:29:24] Updated [1613d4b7-bb47-4792-bb89-5db8842a9962] => 'liniya'
[2025-01-24 09:29:25] Updated [161ebd03-7366-4cb4-9eea-2009ba384b1a] => 'alyzandria giordano'
[2025-01-24 09:29:26] Updated [16386a14-664c-4d23-95e4-a3b137793ba9] => 'sarahanne crisp'
[2025-01-24 09:29:27] Updated [16bc9ca9-f5cc-487d-b88c-3a29437192be] => 'hawthor'
[2025-01-24 09:29:28] Updated [16bda6c8-640f-4b67-9320-d65d430dda37] => 'luminaragirl'
[2025-01-24 09:29:29] Updated [16e9f0ef-9955-4589-9f11-0facf153d775] => 'khaotickupkake'
[2025-01-24 09:29:30] Updated [16f9c5be-985b-450f-adb6-a9737d367306] => 'ladymelysa'
[2025-01-24 09:29:32] Updated [17345178-6973-4aec-96ed-681ddbb1d671] => 'daerapthonis'
[2025-01-24 09:29:33] Updated [1755ef17-3867-4ddb-a20e-44c4d6625d45] => 'kaylamarie2002'
[2025-01-24 09:29:34] Updated [1778ee5a-d640-4470-9b58-b0c4a648ff53] => 'suzy spicy'
[2025-01-24 09:29:35] Updated [177f8dfd-bb80-4cd8-9fa3-55232c62f4bc] => 'matt dismantled'
[2025-01-24 09:29:36] Updated [17b8c182-5678-4d41-8a90-482666777f11] => 'auutuumnn'
[2025-01-24 09:29:37] Updated [17ec6e55-43a0-49f2-b59c-0b831e24223e] => 'emberfuryce'
[2025-01-24 09:29:38] Updated [18133cab-50f6-4ec7-9bcf-fcf142620b45] => 'ophelia nightingale'
[2025-01-24 09:29:39] Updated [187085d5-b374-42af-aa0a-a339433f2b95] => 'shujjii'
[2025-01-24 09:29:41] Updated [1883b0a8-4ec5-48c4-8bd1-1c32306d0329] => 'stylist2'
[2025-01-24 09:29:42] Updated [191049c2-1733-452f-a045-12696c7bf610] => 'dragon1o23'
[2025-01-24 09:29:43] Updated [19466f04-3ee3-48c9-af0e-da761513aad4] => 'katie08ts'
[2025-01-24 09:29:44] Updated [19bb1cdb-5c2c-4584-a1e9-eecfc0fd92c2] => 'spookiina'
[2025-01-24 09:29:45] Updated [19e650a6-359b-42f5-a1a8-624652c05be1] => 'jamesbarretxd'
[2025-01-24 09:29:46] Updated [1ab33165-0a35-414f-9bd3-60aab2039c0a] => 'shadow seetan'
[2025-01-24 09:29:47] Updated [1ae1cdf6-e32d-4ae0-996d-2eec73843a8b] => 'masterevgenius'
[2025-01-24 09:29:48] Updated [1afe0d67-4390-4f9c-8987-a1c6fc215b45] => 'zelena morningstar'
[2025-01-24 09:29:49] Updated [1b4e4c14-ebf0-416c-a787-e0252f86f8e2] => 'azariasabners'
[2025-01-24 09:29:51] Updated [1ba28591-ea28-4c52-959e-2d6d894af103] => 'sfvi'
[2025-01-24 09:29:52] Updated [1bb13d2d-80ff-4379-aa44-4bdb12fbf947] => 'orgodemir'
[2025-01-24 09:29:53] Updated [1c5e5788-00cf-4048-9c20-be954707d0c9] => 'lanea36'
[2025-01-24 09:29:54] Updated [1c96259f-1e6e-4aa0-8165-ae280c52d732] => 'le1re'
[2025-01-24 09:29:55] Updated [1d015bcb-46de-431e-acc2-e985e5b4d9dc] => 'morticiahexem'
[2025-01-24 09:29:56] Updated [1d4981eb-1479-48c6-a2de-c90956e5281f] => 'charlottelisette'
[2025-01-24 09:29:57] Updated [1f2737ae-cd47-4fa4-843f-2671d7e39759] => 'ilikepiepiepiepiepiepiepiepiepi'
[2025-01-24 09:29:58] Updated [1fd90d0e-1100-4f2d-a59e-85ef3a30df1c] => 'shondalynn'
[2025-01-24 09:30:00] Updated [200903be-253a-4af0-b760-1b5e93371bf5] => 'kirby celestia'
[2025-01-24 09:30:01] Updated [20abf651-2130-421c-b29c-ba4cbd720e36] => 'autumnsunkisses'
[2025-01-24 09:30:02] Updated [20cd1b4f-704b-45a0-bb15-412783c85f2d] => 'lobafox'
[2025-01-24 09:30:03] Updated [20e476aa-e4f4-42bf-b83f-0e52f03f8da3] => 'pearlznx'
[2025-01-24 09:30:04] Updated [20f8d5c8-87cd-4886-aa00-7e91b83ed99e] => 'cheyenne mcmahon'
[2025-01-24 09:30:05] Updated [20fc3add-c5bb-403d-88f3-1e11b6afc3e4] => 'sadiko snowfox'
[2025-01-24 09:30:06] Updated [2138ba9c-2198-483a-9f1b-de61868a2dbb] => 'nymtia'
[2025-01-24 09:30:07] Updated [219e54f8-23d1-4029-b2ff-baa1be372e96] => 'patricahalli'
[2025-01-24 09:30:08] Updated [22289599-6770-40e6-8480-17143052eb6e] => 'lachiel vaher'
[2025-01-24 09:30:10] Updated [22440c68-b49a-460d-8365-0903b3dcb34a] => 'marcke18'
[2025-01-24 09:30:11] Updated [22455a6f-961f-4a3c-924d-0039868feacb] => 'silentarbiter'
[2025-01-24 09:30:12] Updated [22782c3c-9582-47f0-a06c-25ade5922d34] => 'lord stoker'
[2025-01-24 09:30:13] Updated [22a65a19-0853-4bf4-a7e7-d96fb8827e39] => 'queenblasphemy'
[2025-01-24 09:30:14] Updated [22be0077-f8ff-42f6-a7f7-ba9c96600e2b] => 'tw6022'
[2025-01-24 09:30:15] Updated [2324d5eb-a095-4e7c-a17d-67391412ef03] => 'kravencorvinus1'
[2025-01-24 09:30:16] Updated [233b0719-51c3-4af8-b350-5f06e9fcbe8f] => 'prismwolf'
[2025-01-24 09:30:17] Updated [23c91678-becf-4f34-877f-6e3ded6dc91d] => 'anzufox'
[2025-01-24 09:30:19] Updated [24aaafc5-6aa5-4ef5-a6c5-11b1afe24bb7] => 'dristi05'
[2025-01-24 09:30:20] Updated [256e6f59-3051-4e88-8f3c-db9d9073acbd] => 'davisvandracul'
[2025-01-24 09:30:21] Updated [25d6c97d-8c54-4ab6-8262-4e75f72d4782] => 'chasenelson'
[2025-01-24 09:30:22] Updated [25eea093-7516-4a95-a901-792540bbe916] => 'v vortex'
[2025-01-24 09:30:23] Updated [265582f2-7eef-46b2-8006-f89206a02dcf] => 'queenladyyukistar daxter'
[2025-01-24 09:30:24] Updated [2671bb16-c94e-47de-a847-c1b178ab8136] => 'tatianastepanova'
[2025-01-24 09:30:25] Updated [2672c689-2a78-45a6-b18b-88a1031195c8] => 'mocha blep'
[2025-01-24 09:30:26] Updated [2717760f-842a-4b41-a5eb-2672ce241e9e] => 'ops liebster'
[2025-01-24 09:30:27] Updated [281fb6ed-b34c-461b-a8a2-b27b46c65767] => 'pami llewelyn'
[2025-01-24 09:30:29] Updated [28596ad8-7bf4-43b4-81f7-8e2ec1fde07b] => 'harleyjquinn8807'
[2025-01-24 09:30:30] Updated [28d88c4d-a8d0-4e8e-8e9b-5adee706ca1e] => 'greatswordsmen123'
[2025-01-24 09:30:31] Updated [290d7cf4-d028-49ad-910f-a55fe5609078] => 'dragon1o24'
[2025-01-24 09:30:32] Updated [290e91d9-7e9f-4ad4-a2d6-555857cadeb6] => 'tiamatvll'
[2025-01-24 09:30:33] Updated [2ac17fdb-1d1e-45da-b1a5-a78bbb62813e] => 'razzielalim'
[2025-01-24 09:30:34] Updated [2b0fd23b-18c6-4de3-95d5-685662caa578] => 'hanakatsuki'
[2025-01-24 09:30:35] Updated [2b5f3d8b-d1aa-496e-ae9d-8d9645ed68d8] => 'pinkognito'
[2025-01-24 09:30:36] Updated [2bff2acf-7146-4ae3-af7b-ee0002a47004] => 'sumiyoshy'
[2025-01-24 09:30:37] Updated [2c155355-3064-440f-b6c0-29c64e60d973] => 'highwillow'
[2025-01-24 09:30:39] Updated [2c368487-b1e6-4c41-9abe-c9eb789bedc5] => 'shun022'
[2025-01-24 09:30:40] Updated [2d1a0951-42eb-4422-81e9-234d5e78814a] => 'bunniefrancis'
[2025-01-24 09:30:41] Updated [2d38559b-0281-42ad-b525-863282f23b6d] => 'aliciasalaz'
[2025-01-24 09:30:42] Updated [2d891aac-5ea3-4d97-89eb-b2e1d8333a40] => 'roseleiiya'
[2025-01-24 09:30:43] Updated [2e64326f-789d-4ec5-b513-555dde489054] => 'bobby9466'
[2025-01-24 09:30:44] Updated [2ea19b7c-a1b7-45f8-b5cd-53d9e879d04a] => 'amisie'
[2025-01-24 09:30:45] Updated [2eef7df0-bbe4-4439-b338-7ed85c3399db] => 'kathiaservent'
[2025-01-24 09:30:46] Updated [2f655fd9-e4f8-4740-b2b6-83069755688c] => 'a2r9'
[2025-01-24 09:30:48] Updated [2f993be4-48d1-429c-8ce3-f4cb76d07c7f] => 'norik998'
[2025-01-24 09:30:49] Updated [2ffaafef-d450-4d3e-84ba-7e915bc0694a] => 'daine menizah'
[2025-01-24 09:30:50] Updated [3017f32f-2ec2-42ff-ae68-9082eeec58c3] => 'cathyx23'
[2025-01-24 09:30:51] Updated [30686f55-7485-4656-aa6f-bacb02eff1d6] => 'dalilah demonia'
[2025-01-24 09:30:52] Updated [30ab7cd5-93b0-42e3-910f-76f568c65bd9] => 'acaperra'
[2025-01-24 09:30:53] Updated [30d0dd1e-b7ff-429f-9cfb-54c21644933f] => 'lucaaiden'
[2025-01-24 09:30:54] Updated [3149d36b-c79c-476e-9d85-fdcaf6d728ab] => 'oberon eames'
[2025-01-24 09:30:55] Updated [317a5507-3221-457c-8640-fdc749e0cc9b] => 'rubi gata'
[2025-01-24 09:30:56] Updated [31d31ba3-63eb-410d-b2b6-0c30e17b1e5d] => 'likeaangelic'
[2025-01-24 09:30:58] Updated [3215605b-6923-4b95-a4bb-18c275aa280a] => 'elegere'
[2025-01-24 09:30:59] Updated [3277ca43-ee68-48a3-8de4-d2535d12e4fd] => 'tannerjones'
[2025-01-24 09:31:00] Updated [33174ba0-1812-4006-9d0a-1fe23016d1ac] => 'zackbandis'
[2025-01-24 09:31:01] Updated [335fe6a1-00f4-48d2-9bb9-e235d9583579] => 'xmonsherix'
[2025-01-24 09:31:02] Updated [35677eb6-64e3-4d25-adb7-a7faf070daf5] => 'michelle winchester'
[2025-01-24 09:31:03] Updated [3683fa19-88f6-4c3e-b099-93b613bc5bb3] => 'fifi rufus'
[2025-01-24 09:31:04] Updated [387130c4-d366-4ac2-91a2-003f72e7d24e] => 'wiccan mysterious'
[2025-01-24 09:31:06] Updated [38f1c26c-dc4a-44ff-b38f-5577c2e85bef] => 'martinaelvin'
[2025-01-24 09:31:07] Updated [38fd3d0c-3c43-43c6-856d-e112b8999570] => 'jdeveroux'
[2025-01-24 09:31:08] Updated [39636bc5-7765-40a1-998a-e96fbb2b6e7c] => 'azraelarae nightingale'
[2025-01-24 09:31:09] Updated [3993a214-e1fa-4951-8a2d-f8e933325085] => 'bess250183 blessed'
[2025-01-24 09:31:10] Updated [39cf6e84-983f-4d05-a44a-59fcc5b3622f] => 'xcaballerodelanochex'
[2025-01-24 09:31:11] Updated [39fc1a7d-020e-4f3b-a3e7-7fb4d1cc00a8] => 'heyitzsel'
[2025-01-24 09:31:12] Updated [3a164766-0a06-4843-8176-ed44668d848f] => 'thebonecrasher'
[2025-01-24 09:31:13] Updated [3a6a9887-5d52-464e-bb7f-a1c82f584809] => 'arazuno'
[2025-01-24 09:31:14] Updated [3add6f91-5023-4f73-998e-847e8bfa206b] => 'noe136987'
[2025-01-24 09:31:16] Updated [3b9ad35f-ea4f-4315-b8d3-fb764a6abae8] => 'elwoocito'
[2025-01-24 09:31:17] Updated [3ba58128-4a3b-482d-ab7e-33a3f0fda5c8] => 'lilithhagen'
[2025-01-24 09:31:18] Updated [3bffafba-aa99-4a81-8aa5-07c81f3c297d] => 'indiara harsley'
[2025-01-24 09:31:19] Updated [3c3a30f1-f918-49d9-b503-8742ff56e0f3] => 'hugoodpt'
[2025-01-24 09:31:20] Updated [3c64a284-dc31-4b49-bbde-62cedcd2553a] => 'eviloneinside'
[2025-01-24 09:31:21] Updated [3dd56490-29e6-4d34-b641-e90179373e92] => 'mzsnuggles0'
[2025-01-24 09:31:22] Updated [3e3e708c-ba2f-429f-a9b4-ed3084e32eac] => 'gg1989'
[2025-01-24 09:31:23] Updated [3e8eaf35-7fa5-4477-bfcf-479823d7571a] => 'antimongol'
[2025-01-24 09:31:24] Updated [3f2338a2-eb94-4882-b1b8-3cb93a370c02] => 'fierces'
[2025-01-24 09:31:26] Updated [3f80ab1f-9218-472d-ade3-b6b3519153f1] => 'petunia21'
[2025-01-24 09:31:27] Updated [3fa03aaa-1b27-4404-b0e6-fc5578629cc9] => 'lilvampy destiny'
[2025-01-24 09:31:28] Updated [3fa60b2c-56dc-4e16-904b-f857fce37ab5] => 'triannacruise'
[2025-01-24 09:31:29] Updated [3fae67b1-9cd7-413c-871f-6351185d4293] => '2muchlagwiillkillyou'
[2025-01-24 09:31:30] Updated [3fdf2406-3c5e-4790-83c8-9807057c44c8] => 'jennyx88'
[2025-01-24 09:31:31] Updated [40412af7-7f3d-4c37-b764-764d0f6a813f] => 'cassandra crisp'
[2025-01-24 09:31:32] Updated [406aab3d-0523-45ec-a9a9-cb2c2ef049ba] => 'augustinow'
[2025-01-24 09:31:33] Updated [40ab6b5f-0106-4a94-8f8d-52014dce70a8] => 'oxgetownedxo'
[2025-01-24 09:31:35] Updated [40b81602-1999-484a-9347-fd3f0e320c93] => 'sparkle starchild'
[2025-01-24 09:31:36] Updated [40c3783a-6967-455b-8c0d-add0f2ba778f] => 'chihirolove'
[2025-01-24 09:31:37] Updated [41010992-c58a-46d4-9185-1b4ab62af18d] => 'chowder7'
[2025-01-24 09:31:38] Updated [4173e622-0295-4039-bc28-bf1dd1381e0d] => 'morpheus davonius'
[2025-01-24 09:31:39] Updated [420749da-89c0-406f-bfbe-862fbd6ae4bb] => 'punkowanoid'
[2025-01-24 09:31:40] Updated [421ae41d-9dd4-45b5-86b4-85fab1edd520] => 'teeloyalty677'
[2025-01-24 09:31:41] Updated [421bbe03-e326-42e6-822b-4b7132dda6fd] => 'evelynluana'
[2025-01-24 09:31:42] Updated [4235636d-c0bf-400d-87fd-034e87e13d62] => 'riak takeda'
[2025-01-24 09:31:43] Updated [43e0a6ef-63e3-486b-bfc7-af914e0b1b84] => 'glamerouz'
[2025-01-24 09:31:45] Updated [440e63c3-1946-4ee8-821c-32b3bcf4741a] => 'lillithdraven40'
[2025-01-24 09:31:46] Updated [44ac456a-3bf6-4dd9-b06d-b8ebbe66cf77] => 'lynnhunterqueen'
[2025-01-24 09:31:47] Updated [454af67c-072f-4039-905c-08c20620227d] => 'vampire islay'
[2025-01-24 09:31:48] Updated [454bd25f-c827-4e0a-af6a-70b057ecc48b] => 'bloomcastor'
[2025-01-24 09:31:49] Updated [456c1c47-750a-457a-be3e-e5e0af234852] => 'machiavallii'
[2025-01-24 09:31:50] Updated [45d3320c-3399-4c6d-92a8-58450c81dd83] => 'matrontori'
[2025-01-24 09:31:51] Updated [45e90b37-7c3a-4f5f-922f-6450272543e7] => 'vampiresseirina'
[2025-01-24 09:31:52] Updated [45ec754e-e0ed-40d4-a1cd-ae88285c75a1] => 'reaperfury'
[2025-01-24 09:31:53] Updated [45f96ae1-e869-49f2-aa2f-bdd09dd4ed23] => 'muriel carpathia'
[2025-01-24 09:31:55] Updated [46610ff5-6358-4808-84ff-3d223fd0fac1] => 'xxjennycxx'
[2025-01-24 09:31:56] Updated [4734cff3-bb31-42df-a53d-ce4a9cb7f97d] => 'marianaseg'
[2025-01-24 09:31:57] Updated [478b468f-96c7-430e-8881-7acbad85777e] => 'ragnarocky'
[2025-01-24 09:31:58] Updated [47a26c27-1a59-4839-825c-2461b0b85103] => 'laindeseable'
[2025-01-24 09:31:59] Updated [489fb73c-1272-42dc-98c3-46a333ee59bc] => 'gothycnovember'
[2025-01-24 09:32:00] Updated [48f276ed-b824-495d-a83b-2415aff01adb] => 'mojo1129'
[2025-01-24 09:32:01] Updated [49432359-324a-432a-8967-33883c1c4f8a] => 'deprimido'
[2025-01-24 09:32:02] Updated [49bb2b9f-cd23-4d6e-9e8c-617c2d099cca] => 'tamara asamoah'
[2025-01-24 09:32:04] Updated [4a687c60-02f3-40a3-8705-de96715960fe] => 'melinoeblack'
[2025-01-24 09:32:05] Updated [4aa80619-fa58-4aab-b9a6-a2991957ec53] => 'pecoxita'
[2025-01-24 09:32:06] Updated [4b27e5ca-fcaa-43f3-8aac-9c7dd157d1fc] => 'gia amore'
[2025-01-24 09:32:07] Updated [4bf23fa7-474a-4763-ba60-c5a8c29047a8] => 'karinabela34'
[2025-01-24 09:32:08] Updated [4c155a71-8719-4397-98dc-7121984b29a7] => 'roxiesky'
[2025-01-24 09:32:09] Updated [4c2e869d-14ae-4148-be77-7c1af0ba2ab4] => 'dexter dismantled'
[2025-01-24 09:32:10] Updated [4c3da9d6-a729-4db1-8ce4-e098c3f6a46e] => 'nakase'
[2025-01-24 09:32:11] Updated [4e142cc2-cea7-4762-ae7b-d7570cd5e500] => 'dianitaec'
[2025-01-24 09:32:13] Updated [4e3c7f50-8ff8-4833-aa3a-6ee2c750ff36] => 'calelslaughterer'
[2025-01-24 09:32:14] Updated [4f2adbeb-745d-43c0-89a1-6cd0c2da22b6] => 'intheria'
[2025-01-24 09:32:15] Updated [4f3d11ff-18e6-47c6-b889-57002e3940e5] => 'selenawd'
[2025-01-24 09:32:16] Updated [50003356-38d9-4ab5-a77b-a1ecce45b7a6] => 'pitorreando'
[2025-01-24 09:32:17] Updated [51333f57-3f04-4d57-b302-bdca455904d7] => 'pandora moulliez'
[2025-01-24 09:32:18] Updated [517aba69-768d-4eec-a32a-ecd3924bed41] => 'vexneldo'
[2025-01-24 09:32:19] Updated [51b04175-b24d-47a6-8703-4aa6e591a350] => 'mysticimmortal'
[2025-01-24 09:32:20] Updated [524c24bf-7f19-4095-86ac-de6e89bf83dd] => 'lucifer nightwish'
[2025-01-24 09:32:21] Updated [526d95d8-37a0-4b4e-919a-a34b889cb9d7] => 'kyokotori'
[2025-01-24 09:32:23] Updated [53f783aa-135d-45ab-9459-9fc30666b294] => 'afrodixalex'
[2025-01-24 09:32:24] Updated [550985c3-d68a-4441-9fdd-cb41bec8cad4] => 'gabrielauy'
[2025-01-24 09:32:25] Updated [55a87fdf-e706-48a7-97b6-e92445e68c89] => 'ost tigerpaw'
[2025-01-24 09:32:26] Updated [55b42be2-bc15-466f-9dba-d12d5b424beb] => 'dante128'
[2025-01-24 09:32:27] Updated [5686df72-7fee-4fc7-a369-775649dd096b] => 'williamblackheart26'
[2025-01-24 09:32:28] Updated [569d7c08-6cad-496e-a801-28be1a3f0f7f] => 'marysol233'
[2025-01-24 09:32:29] Updated [56ab2aa8-e0c5-4a3d-b012-ec20dfb505b4] => 'delinamarly'
[2025-01-24 09:32:30] Updated [56b24ec2-78f0-43ad-af5c-624b8ba1c85d] => 'paigewinter0'
[2025-01-24 09:32:31] Updated [57a01a7b-7eaf-4191-b66c-d2b8173b983a] => 'xdreamswordsx'
[2025-01-24 09:32:33] Updated [57d1c6a3-c1e0-41cc-b869-d9b764e915e4] => 'technoanarchy'
[2025-01-24 09:32:34] Updated [580ef576-62f7-461a-a2bc-b8e1b72f7a0b] => 'miutymiuty'
[2025-01-24 09:32:35] Updated [588b8760-3a0c-448c-8b81-9be60e9cf927] => 'lola kittinger'
[2025-01-24 09:32:36] Updated [58adf822-02d3-45bd-9827-ddd6f239997c] => 'xsweetcyanidex'
[2025-01-24 09:32:37] Updated [59d78ed5-d060-4822-82bb-e1be42242b65] => 'slfenrir'
[2025-01-24 09:32:38] Updated [5a52d611-1c06-41eb-9a03-42d43ed8a484] => 'sidejapan'
[2025-01-24 09:32:39] Updated [5a7b4ff2-e4cd-427b-a318-437a1beda726] => 'misthyn'
[2025-01-24 09:32:40] Updated [5aa22408-f80f-4f36-bc4e-6304f296527f] => '0mrzeros0'
[2025-01-24 09:32:42] Updated [5ad65750-3ce0-456f-9d8c-c65a0fb72569] => 'jacheld1'
[2025-01-24 09:32:43] Updated [5aeaf9a2-88a7-4f0f-a65d-f2376905bdde] => 'sniperjack'
[2025-01-24 09:32:44] Updated [5ba96c2b-4eca-4ac6-b171-d753611c5a96] => 'debra382'
[2025-01-24 09:32:45] Updated [5bab3bb7-e83b-4db0-9997-ebe4f2628078] => 'lovelykane'
[2025-01-24 09:32:46] Updated [5bbfb236-7996-4270-9d9e-738b9ec6f998] => 'fabulousseriously'
[2025-01-24 09:32:47] Updated [5c76688c-bdd5-46af-9668-1aa55c10d89a] => 'blossomethereal'
[2025-01-24 09:32:48] Updated [5df2f9ad-64df-447c-89aa-7a8892e61938] => 'starfireseeker'
[2025-01-24 09:32:49] Updated [5df7b9c0-ea9c-4e7e-a0ab-78b1352e086f] => 'esperanzaelise'
[2025-01-24 09:32:50] Updated [5e4abee6-3ee4-4083-88a6-18bd5dd0cc3c] => 'charlize gartner'
[2025-01-24 09:32:52] Updated [5e8a043c-90c1-4d60-ab69-d02c13a7500e] => 'kusanagimotokoakamajor'
[2025-01-24 09:32:53] Updated [5f20c530-3c50-4f86-8086-259196d1c729] => 'cica84'
[2025-01-24 09:32:54] Updated [5fe96f8f-8d8b-48ae-badd-fd024c086c8f] => 'miik4ahh'
[2025-01-24 09:32:55] Updated [60521cec-1cd3-4b97-ac09-feb83ac9e257] => 'periti1'
[2025-01-24 09:32:56] Updated [605c2131-6701-4165-8ad6-52d67390e0ce] => 'mapletitz'
[2025-01-24 09:32:57] Updated [605c6502-4641-4fd8-b471-002305474403] => 'saffitopia'
[2025-01-24 09:32:59] Updated [60656a51-d403-499f-9f46-fdb54cea7bf3] => 'battiman1234'
[2025-01-24 09:33:00] Updated [60df62d9-dc0e-413f-8663-8acbde13cb84] => 'iivaltronii'
[2025-01-24 09:33:01] Updated [611dd6a2-440a-4ff9-a474-47ebc95692c9] => 'gerarddrake'
[2025-01-24 09:33:02] Updated [614281f1-f4ea-4049-adbb-6da6bf8bf837] => 'wildchild2016'
[2025-01-24 09:33:03] Updated [61bc0973-7f4f-42c5-b361-b99d754727e5] => 'gomezaddams46'
[2025-01-24 09:33:04] Updated [61cc79c6-b3ea-4357-b58c-1c6ca53f98cf] => 'estebocho'
[2025-01-24 09:33:05] Updated [61e1297a-8cba-4cce-8f9c-a9b8a220a8ab] => 'prianac32'
[2025-01-24 09:33:06] Updated [6217ea67-5569-4612-8736-09c975770cd9] => 'wikaik'
[2025-01-24 09:33:08] Updated [64559021-0c5b-404f-8973-8af4c5f31026] => 'rachellsita'
[2025-01-24 09:33:09] Updated [646c3b5e-a5a0-43de-9108-889b616bcd06] => 'sleepym4n'
[2025-01-24 09:33:10] Updated [64e2b20e-20db-4eb8-a6c6-24abf32b1ef3] => 'mzleta'
[2025-01-24 09:33:11] Updated [652b08aa-a0f4-4f15-851b-966e47be1d61] => 'serenitygrace23'
[2025-01-24 09:33:12] Updated [6541d952-5d3d-465d-a9d8-973776b7f57e] => 'averyacqua'
[2025-01-24 09:33:13] Updated [655ac3a7-9575-45ee-9f38-54fe4c032952] => 'lucibtt'
[2025-01-24 09:33:14] Updated [655fa4da-41ef-4e2a-9686-363f2ebe8164] => 'lamfada'
[2025-01-24 09:33:15] Updated [65b3f3d5-282c-4ba7-8adf-273abe0f6dc1] => 'tator waifu'
[2025-01-24 09:33:16] Updated [66039574-e1be-4d54-a40b-e6da149efe34] => 'mrdrakon7'
[2025-01-24 09:33:18] Updated [665202dc-d152-44e1-aee4-0e83c27a8e93] => 'johazieladonis'
[2025-01-24 09:33:19] Updated [6729bb4c-6c37-4454-b310-094fd80b7b08] => 'jungyaw'
[2025-01-24 09:33:20] Updated [68228da7-eabc-4f81-b96a-6b4dcdc82f6b] => 'wiccanseductress'
[2025-01-24 09:33:21] Updated [684e5a4d-c746-4236-b979-fbf2298a1fee] => 'thenewspartan'
[2025-01-24 09:33:22] Updated [690e3e47-8507-4e18-94b6-fe64caa6860b] => 'librawitch'
[2025-01-24 09:33:23] Updated [690fda8b-2770-4d7d-9a74-367f8b42af45] => 'kingshawn121'
[2025-01-24 09:33:24] Updated [6990a7f3-2cf6-46fc-bd63-a9b6f8460133] => 'razor9ix'
[2025-01-24 09:33:25] Updated [6a33bb53-d04d-4ac3-9e98-c4dae45ad030] => 'sulltani'
[2025-01-24 09:33:27] Updated [6aa733c7-ad53-42a5-abcb-d4e823e812f5] => 'gaorav'
[2025-01-24 09:33:28] Updated [6b2cdc4a-963d-4c87-94d5-a473f61064da] => 'roxannadimonaco'
[2025-01-24 09:33:29] Updated [6b4183a4-e977-4990-ba29-f7c79e2a2b11] => 'lorikitten'
[2025-01-24 09:33:30] Updated [6bcd8f5f-a926-4e43-89de-a267c8f93f00] => 'cleoserorti'
[2025-01-24 09:33:31] Updated [6be338ae-2966-4382-8c91-74900764ed99] => 'rex petshop'
[2025-01-24 09:33:32] Updated [6c431a99-5033-43fe-a9d8-bb5664b1f7ea] => 'lordgaryoldman'
[2025-01-24 09:33:33] Updated [6d062317-57a0-40f5-b0f6-27fe8aae00e4] => 'fitaka silent'
[2025-01-24 09:33:34] Updated [6d5715b0-e8e0-4271-8483-15f644eac093] => 'xazaliyahx'
[2025-01-24 09:33:36] Updated [6dd326bd-07ce-4637-8799-5a2f93f76730] => 'melisa seiling'
[2025-01-24 09:33:37] Updated [6e14c49e-efe3-44e1-8815-d04797c7df18] => 'lamont enyo'
[2025-01-24 09:33:38] Updated [6e29f0b1-b739-4116-b2f1-c153864457cb] => 'darkselene'
[2025-01-24 09:33:39] Updated [6ea7e622-ea6e-4054-b5fc-b14d4e3b47f0] => 'hellhannah'
[2025-01-24 09:33:40] Updated [6ec19592-8dda-4d16-9c8d-4f714f4713bb] => 'morrainne ravenhurst'
[2025-01-24 09:33:41] Updated [6f3c5c8f-13dc-40be-9138-476cd45bf3a1] => 'sandritababy25'
[2025-01-24 09:33:42] Updated [6f442a67-b7f6-4e25-844e-e447ab3c72c9] => 'megalodon clawtooth'
[2025-01-24 09:33:43] Updated [6f5cc4f1-2ca8-4677-9ba2-2a5fc268538c] => 'nikiils'
[2025-01-24 09:33:44] Updated [7055a8f9-4c5e-45ba-95fc-9e35225d9ab0] => 'mathiaskronenberg'
[2025-01-24 09:33:46] Updated [707da4a8-76b3-487d-80c6-9c952da5a2e3] => 'zishen'
[2025-01-24 09:33:47] Updated [70a1149d-1594-4085-87a3-428d85ec9d68] => 'badkittyxd'
[2025-01-24 09:33:48] Updated [724075be-d3f6-40e0-be5f-e6a71d7ffa22] => 'lilibet99'
[2025-01-24 09:33:49] Updated [72798b8d-b714-4675-bf23-7da9def350e4] => 'donvergaz'
[2025-01-24 09:33:50] Updated [73375b65-6a90-42e5-8cb9-2e9c999b9b0e] => 'neuntoter davidov'
[2025-01-24 09:33:51] Updated [733a1152-16d6-4f9b-8b9a-882ba174437c] => 'eronen'
[2025-01-24 09:33:52] Updated [739ccab6-a3db-4fea-bd38-86b24cfffab7] => 'mazikeenmorningstar666'
[2025-01-24 09:33:53] Updated [73f6a194-84fc-4b79-aba4-0201207ecf7b] => 'natsukaeshi'
[2025-01-24 09:33:54] Updated [740aacf2-e429-4c7b-babf-4de17b78e726] => 'littlebrat1998'
[2025-01-24 09:33:56] Updated [74b32c84-4a15-43e9-9a6b-d9ce0f47c0e0] => 'loreto bridger'
[2025-01-24 09:33:57] Updated [75072725-b361-48a6-a054-3f5dd4bdefc7] => 'kaida suki'
[2025-01-24 09:33:58] Updated [75cd5660-8de2-4d50-93e2-38cef4cd43a6] => 'sabineamour'
[2025-01-24 09:33:59] Updated [75ec2cdf-fd3d-42a0-b42e-693180940a93] => 'samsyfurwolf'
[2025-01-24 09:34:00] Updated [767beac7-5094-4691-ae60-40761911817b] => 'lycanterror'
[2025-01-24 09:34:01] Updated [767d7f92-1106-474d-8c35-724e3c95e862] => 'skylarphillips'
[2025-01-24 09:34:02] Updated [76a206a5-62ff-4934-aa19-110ff2a5e9e9] => 'gramflame'
[2025-01-24 09:34:03] Updated [77be3ed9-9128-41c0-b594-d69e8877054c] => 'nicolette firehart'
[2025-01-24 09:34:04] Updated [77c12b55-4b7e-49ad-9f30-7961385817fa] => 'carlos pierterson'
[2025-01-24 09:34:06] Updated [77d54815-b50c-49d0-a58a-020db9d24c7e] => 'astralariel'
[2025-01-24 09:34:07] Updated [7818c7fe-98a0-43d9-8a36-3d608979c743] => 'tsukasateira'
[2025-01-24 09:34:08] Updated [7852171c-dae6-4f69-af9f-6e86538c0f55] => 'liam spicy'
[2025-01-24 09:34:09] Updated [78c11a62-ba60-424c-825b-dcfc7ef7a9f3] => 'haniiral'
[2025-01-24 09:34:10] Updated [78e14df9-960d-46bc-9b26-b55abd7c3544] => 'mangomaya'
[2025-01-24 09:34:11] Updated [79ba21e1-f8b4-4652-ade0-d76d4e28f13e] => 'blu owo'
[2025-01-24 09:34:12] Updated [79eaabaa-3c78-41ce-b9ea-cc61e83ba423] => 'nattymotionless'
[2025-01-24 09:34:13] Updated [7a8de1d1-1483-413b-b9f2-2fd02cf4f4a9] => 'cowboyshawn nider'
[2025-01-24 09:34:14] Updated [7b9a252a-e86f-4008-aca0-7fe7cbad5506] => 'janee26'
[2025-01-24 09:34:16] Updated [7c5e8b0b-c2a9-4400-8c93-8122464e502b] => 'queenkandiltdc'
[2025-01-24 09:34:17] Updated [7c6d905c-29e8-4771-b248-abd34978f689] => 'partheniachurch'
[2025-01-24 09:34:18] Updated [7c77a978-55de-4bad-ac08-1debb4aedebd] => 'angeleyes33935'
[2025-01-24 09:34:19] Updated [7d38799f-dc69-48bd-8762-b891118f02da] => 'ziopo'
[2025-01-24 09:34:20] Updated [7d6d12eb-8080-4c47-98be-ed12a5d25ab6] => 'sangredivina'
[2025-01-24 09:34:21] Updated [7da862e3-e6d7-4c6a-aeea-e5caf20a20a7] => 'bankfamily'
[2025-01-24 09:34:32] Failed to fetch legacy name for [7da862e3-e6d7-4c6a-aeea-e5caf20a20a7xxx]: cURL error: Operation timed out after 10001 milliseconds with 0 bytes received
[2025-01-24 09:34:32] Updated [7dd9d7f8-e118-4892-864c-4f37ec15c62e] => 'angelicdemoness'
[2025-01-24 09:34:33] Updated [7e8a1bf1-184b-4c23-9cd7-8b41c6f9e8e7] => 'zadikk1'
[2025-01-24 09:34:35] Updated [7f33ba3d-1d37-4399-bbda-89f8d91529d6] => 'oelissao'
[2025-01-24 09:34:36] Updated [7fd19093-8644-4fdf-916d-ca97b286f090] => 'emmieteagan'
[2025-01-24 09:34:37] Updated [7fd2ee19-838b-44ad-9768-d3290fce01df] => 'djducktales'
[2025-01-24 09:34:38] Updated [8063aa48-5c66-4a2c-aeaa-c26efbdee093] => 'marleyxjane'
[2025-01-24 09:34:39] Updated [809ef064-e5f1-40cf-ba21-d1f839312c5a] => 'gwen nishi'
[2025-01-24 09:34:40] Updated [8118c64f-ec48-45cf-8b32-21366992ebb1] => 'sarahtitosa'
[2025-01-24 09:34:41] Updated [823620d0-9ffa-44b3-8263-3aa8226f44b6] => 'elara rizzler'
[2025-01-24 09:34:42] Updated [8239aa50-4278-4af2-a9bf-de87d9f39128] => 'j0sh4rizzle991 broono'
[2025-01-24 09:34:43] Updated [82f950b4-ac43-49fa-830f-583841b6e7f8] => 'lunashadowwalk'
[2025-01-24 09:34:45] Updated [834e64be-cf5c-4232-937d-b5998c87b59f] => 'khawalamadan'
[2025-01-24 09:34:46] Updated [8364e7e0-4210-452c-bae2-553741ee3e2d] => 'serenitystarlights'
[2025-01-24 09:34:47] Updated [8397c835-0cea-4152-a217-da5b52405d29] => '0bonnie0'
[2025-01-24 09:34:48] Updated [839c6318-a86c-4461-a9a9-130f9681c158] => 'apollo darkheart'
[2025-01-24 09:34:49] Updated [83f9202d-1bcf-4ced-b34d-505c758ccb2a] => 'barnabascollinshexem'
[2025-01-24 09:34:50] Updated [8410d100-1852-4e21-bed8-2ffd84da047e] => 'mrnightwolf666 huntsman'
[2025-01-24 09:34:51] Updated [844b9b58-4977-45e8-b439-5c3a57604df6] => 'miledeusa'
[2025-01-24 09:34:52] Updated [848c42bc-a0c1-4bbf-ae18-570f24ceff82] => 'soffyshell'
[2025-01-24 09:34:54] Updated [8501819b-46f5-43c5-8862-70399a80cb48] => 'jayphils'
[2025-01-24 09:34:55] Updated [852b4bd0-5852-4c69-b9fb-20fd30da5db4] => 'bjorn blackwood'
[2025-01-24 09:34:56] Updated [85ca708d-c76f-406e-ab31-c814821bb495] => 'forsetti'
[2025-01-24 09:34:57] Updated [85f630a0-69aa-43b7-b0aa-bc574cac28d0] => 'ann7722'
[2025-01-24 09:34:58] Updated [86595f2e-4851-4043-b290-e68b1936679f] => 'martha89'
[2025-01-24 09:34:59] Updated [8671be3b-0ea1-49d7-8a72-ce6dad2c4e02] => 'edrey zuta'
[2025-01-24 09:35:00] Updated [8683fc04-e870-4bcc-8c95-4da922658543] => 'mamitaincognita'
[2025-01-24 09:35:02] Updated [86d2130a-5e86-4809-bedc-d1c98bc0d597] => 'tamilif'
[2025-01-24 09:35:03] Updated [87348fda-eb62-4fa2-b7a3-2772489b6cfc] => 'jack198333'
[2025-01-24 09:35:04] Updated [87cb1472-62ab-4e72-9f24-82d76b60acce] => 'axelalexis'
[2025-01-24 09:35:05] Updated [8917bd54-d77f-401f-9128-eb8c4ed47ca5] => 'moonlightshadowmouse'
[2025-01-24 09:35:06] Updated [89f095ab-1c11-4c0d-9273-878ecd5f3244] => 'qprs'
[2025-01-24 09:35:07] Updated [8b641f79-e10c-4f0a-b8c0-d35433ca7880] => 'lilithvandracul'
[2025-01-24 09:35:08] Updated [8bfe906e-d69b-40ab-a981-baf13270eb5a] => 'montagor'
[2025-01-24 09:35:09] Updated [8c48b7c7-1f9e-4b7d-8a28-f70a3301b73f] => 'leilander'
[2025-01-24 09:35:11] Updated [8c4d9dc9-8729-4a89-8d98-d08b5580a1ff] => 'darkkurai24'
[2025-01-24 09:35:12] Updated [8d00d4e2-586b-40d1-a62e-33b35d4ad86a] => 'vivacia silvercloud'
[2025-01-24 09:35:13] Updated [8d12a10e-ae2d-4b8d-90c6-aae06e3b9266] => 'sweetpea quandry'
[2025-01-24 09:35:14] Updated [8d44b088-012c-44a4-823a-f1a4b691d545] => 'brad mactavish'
[2025-01-24 09:35:15] Updated [8d8d482f-cefa-424c-be65-39ec714abec7] => 'shakty zsun'
[2025-01-24 09:35:16] Updated [8dc7c2bd-f861-4515-a1ff-3d1d9ad7411c] => 'mackenziecole'
[2025-01-24 09:35:17] Updated [8e372c55-b769-4cfd-a60c-308a4be93dcd] => 'karmafairy76'
[2025-01-24 09:35:18] Updated [8e43de97-56b2-46fe-b7c9-b9f3874a71df] => 'womanizingrichforlife'
[2025-01-24 09:35:20] Updated [8e5f4a8e-1e8c-4933-bb40-9902b8d8c81f] => 'ran1'
[2025-01-24 09:35:21] Updated [8eb8ab88-c6e7-4d4f-a4ae-875939c72ef7] => 'lisssyy'
[2025-01-24 09:35:22] Updated [8ed29237-6c7f-4ad8-a993-3d3c1b48cc34] => 'lauren bardot'
[2025-01-24 09:35:23] Updated [8ed35377-6f25-49c0-9b46-ee36404794b6] => 'moisesjimenez'
[2025-01-24 09:35:24] Updated [8f82c35e-e695-43ea-bfa8-0285473c543f] => 'xdiabolicx'
[2025-01-24 09:35:25] Updated [8fabe990-ca6a-480c-b424-ad70f473e98c] => 'jay firehart'
[2025-01-24 09:35:26] Updated [8fdafb38-66b0-4d9b-a2b6-19b1de43511b] => 'trashpandaaaa'
[2025-01-24 09:35:27] Updated [907aaa5b-6a02-44b3-8142-b2561f948d6d] => 'siveshzero'
[2025-01-24 09:35:28] Updated [90965c67-2df8-44d5-b903-b3633f14b386] => 'ichbineinnerd'
[2025-01-24 09:35:30] Updated [90d3ba76-113f-4cbb-aaed-7d55b12f1286] => 'samhain mysterious'
[2025-01-24 09:35:31] Updated [91166def-0be7-4d3c-8fb9-c3d4674b0129] => 'namisanji1991'
[2025-01-24 09:35:32] Updated [918096d7-d8fb-41df-9851-1edc2abf218c] => 'jamesryan13'
[2025-01-24 09:35:33] Updated [929a9dc7-9dd1-4157-94a8-3943fe3eb95c] => 'youngin bing'
[2025-01-24 09:35:34] Updated [92bb71db-2334-46a0-9a71-c8449ffbee93] => 'doublemctasty'
[2025-01-24 09:35:35] Updated [92fce4cc-0b78-40d2-9c9e-d6af447012cf] => 'in0sukehashibira'
[2025-01-24 09:35:36] Updated [930ba996-edb3-4f00-8523-152e5c287063] => 'nemesis gearbox'
[2025-01-24 09:35:37] Updated [9385596e-165d-4f09-b26c-25a1b237cf4b] => 'eerie growl'
[2025-01-24 09:35:38] Updated [948aca5c-7955-436c-b046-88ddbcf93889] => 'lokaroi'
[2025-01-24 09:35:40] Updated [94b2ecb8-411a-4fb7-8436-96458248f362] => 'paigegraeme'
[2025-01-24 09:35:41] Updated [950c9ce4-6aa2-43cf-a38f-b65e91776e2a] => 'lucius coberts'
[2025-01-24 09:35:42] Updated [9545fac3-8496-46a1-b0ed-84689ed0a6bf] => 'zenikigai'
[2025-01-24 09:35:43] Updated [955a36c6-0030-40d0-9ba9-9791016a8b48] => 'woodzeygurl'
[2025-01-24 09:35:44] Updated [95dc6945-dfa7-4a89-b882-68604f31eee0] => 'drakenashville'
[2025-01-24 09:35:45] Updated [9779a107-d2d9-45a1-a6ec-33bc6478cefe] => 'arcanjomiguel7'
[2025-01-24 09:35:46] Updated [977d8bf9-6275-4979-8c46-452fd2957785] => 'greyshield'
[2025-01-24 09:35:47] Updated [986eebee-fd29-4196-81d0-d2713c99bcf6] => 'fierce growl'
[2025-01-24 09:35:48] Updated [9870bcf3-2138-4b9b-8573-1ae5028aae17] => 'psychotic024'
[2025-01-24 09:35:50] Updated [98f0ecb5-c543-47a2-92cf-e3c7d1da66bf] => 'robofdarkness'
[2025-01-24 09:35:51] Updated [99c03013-98d7-4585-88f8-f4883eb2e663] => 'deathangel666 sixpence'
[2025-01-24 09:35:52] Updated [9a0b78a3-1740-499d-9eab-3c2633826f4d] => 'squshie'
[2025-01-24 09:35:53] Updated [9a35a66f-2b06-45d9-80b9-6410ddfd072c] => 'cindyari'
[2025-01-24 09:35:54] Updated [9acde21c-a804-4782-a1f9-1bc14381bdbd] => 'ifric'
[2025-01-24 09:35:55] Updated [9b4f2e44-90d8-4fea-8f1a-84f93d258d28] => 'lithyvale'
[2025-01-24 09:35:56] Updated [9b5706fb-13a6-47bf-a3dc-0e1a352bb556] => 'ninetails666'
[2025-01-24 09:35:57] Updated [9ba1e9dd-2764-41cf-b584-0ab93940c84c] => 'mladydevana'
[2025-01-24 09:35:58] Updated [9bd02754-6b95-492b-ba6a-ed0150854106] => 'alexandra21 ampan'
[2025-01-24 09:36:00] Updated [9c1c2db3-5396-4e29-bc58-d8282299fd9c] => 'neoptolemus0623'
[2025-01-24 09:36:01] Updated [9c46d07a-e6e0-4dca-ab47-2d1f47ce7d67] => 'ellybelle1'
[2025-01-24 09:36:02] Updated [9c7c85ff-ad87-44aa-984e-e3be8662f53e] => 'r0me069'
[2025-01-24 09:36:03] Updated [9c805d5e-b102-4c61-ab65-cc08452bd58a] => 'christyschild'
[2025-01-24 09:36:04] Updated [9cb4f0a0-24d9-4954-82e7-83f67c64107c] => 'alicenite'
[2025-01-24 09:36:05] Updated [9cd449eb-cbf7-4445-9d21-cceb18896ae5] => 'nebulaevergarden'
[2025-01-24 09:36:06] Updated [9cf1823b-fb80-4d15-8d90-dd1b8c22b00a] => 'kayogalvao'
[2025-01-24 09:36:07] Updated [9d22de05-494b-4c14-a8f7-47d86e28e915] => 'alumina12345'
[2025-01-24 09:36:09] Updated [9d923b16-d29d-40f5-a20c-fde2abae6ac9] => 'sophialauren421'
[2025-01-24 09:36:10] Updated [9e097cc6-a81a-4cc1-82b8-c5c84f75e36f] => 'cakeyteddy'
[2025-01-24 09:36:11] Updated [9e425150-6b87-48d2-97a1-5e85c668949f] => 'rayman43'
[2025-01-24 09:36:12] Updated [9f2e7a58-5e7a-43cc-a26f-62ce08369717] => 'kingofanarchy'
[2025-01-24 09:36:13] Updated [9ff7118f-a0ef-4d54-ab46-367ea5f5c42a] => 'd0minlk'
[2025-01-24 09:36:14] Updated [a09d4e17-feb3-41e0-a23f-258bc1956b89] => 'melody martian'
[2025-01-24 09:36:15] Updated [a1c403c5-b8e8-4fc5-b43e-028ecb5bd824] => 'pecoxiita'
[2025-01-24 09:36:16] Updated [a1d0e636-504e-4f4e-bcb1-ef02e6712759] => 'xlucy28x'
[2025-01-24 09:36:17] Updated [a1eb60e4-f749-42f8-9e20-5a8fef5d7f53] => 'kitten131'
[2025-01-24 09:36:19] Updated [a1f10834-c862-451f-b8d6-e41de06d3c73] => 'deslyn'
[2025-01-24 09:36:20] Updated [a283eeee-0925-4f2e-bb5b-8721a9e9673e] => 'jordenkorvin'
[2025-01-24 09:36:21] Updated [a388035b-b108-42a4-9f9c-a5ade47729fb] => 'ruthyxort'
[2025-01-24 09:36:22] Updated [a3e719e7-25ce-4301-b89c-fcf43b14c4f3] => 'marcos corvinus'
[2025-01-24 09:36:23] Updated [a3f8ee15-5b95-483c-9aa6-7013a05625b6] => 'rayconfer texan'
[2025-01-24 09:36:24] Updated [a432f3fe-5b07-4c9e-b756-f129795768f1] => 'maldito6666'
[2025-01-24 09:36:25] Updated [a442a0fb-ac3f-4b82-aa19-049ea8d2e727] => 'antaranin'
[2025-01-24 09:36:26] Updated [a4fcd370-afe0-4f4e-8a64-54eb4242b21b] => 'nomic34'
[2025-01-24 09:36:27] Updated [a533f577-9578-4967-a75d-19e2861dd4ea] => 'xenntdotonion'
[2025-01-24 09:36:29] Updated [a617a0ae-290f-4f63-8338-c76bbdd2f482] => 'freyaro'
[2025-01-24 09:36:30] Updated [a621c573-de09-421e-acda-08fe42cdebc5] => 'qitarra kiko'
[2025-01-24 09:36:31] Updated [a6353836-86d2-406b-b637-08bdb882166c] => 'pagematthews2'
[2025-01-24 09:36:32] Updated [a65ad63e-2c86-4e9c-8080-f60c23c587b4] => 'ericdrak'
[2025-01-24 09:36:33] Updated [a6b9d3e1-74ee-4208-9295-57c8968ca7ff] => 'drsjoke'
[2025-01-24 09:36:34] Updated [a6fc4f96-1556-4eee-bf19-61bff179e64c] => 'adriannalee85'
[2025-01-24 09:36:35] Updated [a7ec2f95-6774-4230-9333-b9f7d5f3a267] => 'sunxshinex88'
[2025-01-24 09:36:36] Updated [a888b1cd-2f75-4c1e-a755-2d524b09e644] => 'tonijaconi'
[2025-01-24 09:36:37] Updated [a88ebf34-b846-4ea8-8dae-29ae24634e7c] => 'rnielzen'
[2025-01-24 09:36:39] Updated [a8da8dcd-acf7-4ded-a330-50f3c4383a4b] => 'cuttepuppy'
[2025-01-24 09:36:40] Updated [a928c318-f705-4fa4-9d26-b233a0e8369a] => 'laryafran'
[2025-01-24 09:36:41] Updated [a96d2f7e-feb3-4b68-960a-8ebb0cf7c18e] => 'frecklesrcute'
[2025-01-24 09:36:42] Updated [a9bf63aa-b727-4e97-ae1d-fcd88edcd1a3] => 'evakora'
[2025-01-24 09:36:43] Updated [aa000fdf-b96e-40e9-b314-79378f9ac4eb] => 'mitsela andretti'
[2025-01-24 09:36:44] Updated [aa0513a8-653e-4747-b959-dc8b3e9e6377] => 'jason onyx'
[2025-01-24 09:36:45] Updated [aa2d8068-7ffd-4dbc-81fb-eba68313c72c] => 'darnayoscuro'
[2025-01-24 09:36:46] Updated [aa695451-383b-40cc-b6f8-d60f3127e7eb] => 'mukren'
[2025-01-24 09:36:47] Updated [ab36b5dd-f1b2-4ea8-ac09-f516d7ae1e89] => 'mikawulf'
[2025-01-24 09:36:49] Updated [ab4a6bb4-b22d-41f4-b6cc-a930819530a3] => 'marisolgtzunika'
[2025-01-24 09:36:50] Updated [ab665560-45e3-4e4a-b081-6860081ea550] => 'eduardofreitas33'
[2025-01-24 09:36:51] Updated [ab7ad847-e1bd-496c-b439-9fe59ea33d13] => 'remuslupin89'
[2025-01-24 09:36:52] Updated [abaec039-d47d-450b-95b4-9cc48ff39965] => 'whimble nimble'
[2025-01-24 09:36:53] Updated [abc8d983-b101-47cc-b6dd-40e787e7899b] => 'lisatr'
[2025-01-24 09:36:54] Updated [ac585ae8-fe5b-473b-8b50-fc01cfcaa30b] => 'tamiqua cheng'
[2025-01-24 09:36:55] Updated [ad00d10b-9450-4883-b6ae-e6ec42104724] => 'carrots rizzler'
[2025-01-24 09:36:56] Updated [ad3820fa-5c99-42fe-8b20-aab16ca54640] => 'iiskyell'
[2025-01-24 09:36:57] Updated [adb7c47f-dc91-4f0c-890a-c128962b82be] => 'lycria'
[2025-01-24 09:36:59] Updated [ae3b14e2-6f85-4d44-b5ca-de2852139709] => 'elspethx'
[2025-01-24 09:37:00] Updated [af0a9baf-31a0-4e4e-83fb-a81c48e07cb0] => 'darrienwade'
[2025-01-24 09:37:01] Updated [af33a2b3-8afe-4208-a7c4-0ec5b73ae5b9] => 'lilithxcrow'
[2025-01-24 09:37:02] Updated [af9ea25c-d969-4ce2-a61c-f866ebc15e94] => 'rainn fae'
[2025-01-24 09:37:03] Updated [afd4d7af-76e1-46b7-93af-24f476f53739] => 'sashadabaddi3'
[2025-01-24 09:37:04] Updated [b0518d91-88c4-4128-bea5-16d6c521bdc6] => 'jinxology'
[2025-01-24 09:37:05] Updated [b082f8ce-7a95-4bc3-800c-16d4e7bb1c9b] => 'krakerso'
[2025-01-24 09:37:06] Updated [b0aaff6b-5b8f-4f77-9261-7e2fb5cccff9] => 'tonio harmison'
[2025-01-24 09:37:08] Updated [b0fbc6b0-6490-4b75-be8e-04c481e8b89f] => 'dominicwrath'
[2025-01-24 09:37:09] Updated [b145b6a0-a42a-474a-910a-87d54e650e12] => 'tai lykin'
[2025-01-24 09:37:10] Updated [b14c074a-66f1-4da6-8b19-cfb109a0c0a5] => 'dashaliee'
[2025-01-24 09:37:11] Updated [b150be4b-a685-47dd-a404-079c3d27d639] => 'celeste421'
[2025-01-24 09:37:12] Updated [b1945867-c9ba-43cd-8609-4b0b27ba2d78] => 'damitabella'
[2025-01-24 09:37:13] Updated [b2c1182e-43ca-4987-a50c-c3903906358b] => 'casouza2'
[2025-01-24 09:37:14] Updated [b2f04f86-dc01-49d3-8e5c-9f38e3d31933] => 'demonofhatred'
[2025-01-24 09:37:15] Updated [b31cce00-4467-47aa-84f7-0522afe0ee15] => 'honeypuddle'
[2025-01-24 09:37:16] Updated [b33d051f-1dd1-4990-8fab-3d86d15b7038] => 'pagan mysterious'
[2025-01-24 09:37:18] Updated [b481eb19-1ac4-4887-832b-512efa3747cf] => 'nixeux'
[2025-01-24 09:37:19] Updated [b485f63d-a610-45e9-a3ea-ba032045f5e5] => 'choupachups'
[2025-01-24 09:37:20] Updated [b499b23f-c367-4dbf-a978-70c4dfd0edc5] => 'lasombra3'
[2025-01-24 09:37:21] Updated [b524acd1-212a-4ac5-9708-b1db63952cc6] => 'auroramerlo'
[2025-01-24 09:37:22] Updated [b578ff24-9079-420b-a1ea-f2190bbb8930] => 'tenseiken'
[2025-01-24 09:37:23] Updated [b5a0439a-4cfa-496a-be2c-0c58f9f19116] => 'kaleb7184'
[2025-01-24 09:37:24] Updated [b62a6f22-ab30-4f4a-b89d-0e90a53163b2] => 'celothunder'
[2025-01-24 09:37:25] Updated [b676ee04-5189-42f5-bcf4-903a0a2d8b33] => 'thetestdummy'
[2025-01-24 09:37:26] Updated [b6aec785-4664-40c9-99ff-c0542b7798a1] => 'gratchi89'
[2025-01-24 09:37:28] Updated [b6b464e5-f7c0-406a-932d-7c21cd3c14d8] => 'leonpaullus'
[2025-01-24 09:37:29] Updated [b6c80cda-462b-429a-961c-77fbc83f9322] => 'katniss83'
[2025-01-24 09:37:30] Updated [b6c89a2c-bc5c-4e5e-ae52-8c49e23bdc6b] => 'chicoperreo'
[2025-01-24 09:37:31] Updated [b6e15118-6f87-4adc-9d8b-b6f16eb74158] => 'hanselhawthorne'
[2025-01-24 09:37:32] Updated [b7765ede-a9ca-488c-8cc5-d3c4f7a70488] => 'heather osbourne'
[2025-01-24 09:37:33] Updated [b84dae0a-7330-4bc2-a0dd-2227147681bc] => 'hugodpt'
[2025-01-24 09:37:34] Updated [b85681f5-ac94-4575-884d-c79dc83278de] => 'luniza'
[2025-01-24 09:37:35] Updated [b891a27b-ee0e-4bf5-af31-e4bf2f7dd8df] => 'brandonbottomsworth'
[2025-01-24 09:37:36] Updated [b9451a83-1e6f-4df4-9ea8-e0a92c9ff6b0] => 'toxicoutcast9ix'
[2025-01-24 09:37:38] Updated [b972186d-8618-4bab-a0d0-e751514c52e4] => 'domino franizzi'
[2025-01-24 09:37:39] Updated [b9a41e99-6402-4ac5-be4e-d171de0dfa1a] => 'rdy2go'
[2025-01-24 09:37:40] Updated [b9f17337-c778-42ca-b204-ac9b504b73d0] => 'weroloko07'
[2025-01-24 09:37:41] Updated [ba2540ae-f1cd-47a4-aa50-874619517a0d] => 'michaell corvinus'
[2025-01-24 09:37:42] Updated [ba29bba7-b4b7-4b5e-b878-e93c20b9d918] => 'bastcat magic'
[2025-01-24 09:37:43] Updated [ba3f8ef9-00ef-48dc-8d0a-eb92732e266a] => 'mazikeen666morningstar'
[2025-01-24 09:37:44] Updated [bb34d415-239e-45b3-8500-b5a84c4c5966] => 'alexis softpaw'
[2025-01-24 09:37:45] Updated [bb781681-9621-4737-ae98-e388255de760] => 'aysenterprise'
[2025-01-24 09:37:47] Updated [bbb6fc6b-ae26-4900-8226-f0d00bda240d] => 'spooky shadow'
[2025-01-24 09:37:48] Updated [bbd66517-936d-4a15-804a-982035188e85] => 'enzolacoste'
[2025-01-24 09:37:49] Updated [bc42b970-b41f-4a1e-b94d-74f42ff8be75] => 'fantasia starling'
[2025-01-24 09:37:50] Updated [bc4a6922-65fa-44f2-8623-c4d44194cdad] => 'trinitysapphire2012'
[2025-01-24 09:37:51] Updated [bc55b778-c040-4271-a178-43eea8e21ee9] => 'persy20'
[2025-01-24 09:37:52] Updated [bc9e9f0b-0c86-4c74-acb1-b836d6af4089] => 'iilovlypajaii'
[2025-01-24 09:37:53] Updated [bcaa0277-8cdb-47c1-8efb-9eb471a6ed24] => 'sabrositoc'
[2025-01-24 09:37:54] Updated [bd5a2119-c688-4622-ac58-11ec1affbd22] => 'dan1ese'
[2025-01-24 09:37:55] Updated [bdbe9fdf-02f2-4b9e-9826-932659d5bf5e] => 'joshzimm'
[2025-01-24 09:37:57] Updated [bdef0ddf-b6d0-4da4-8277-9084b57f792e] => 'alexxisfromlatinamerica'
[2025-01-24 09:37:58] Updated [be71812c-c423-40a7-9d67-dce4fbd000fa] => 'xionsaga'
[2025-01-24 09:37:59] Updated [bf0daa46-6f7d-436c-85e6-e6d5c51879c1] => 'llkelceyll'
[2025-01-24 09:38:00] Updated [bf40cf4f-b9e7-459f-815e-755710e7512c] => 'donnie1cali'
[2025-01-24 09:38:01] Updated [bf9ed65b-dc78-46f5-a69f-033ad53bbb3b] => 'auriarose'
[2025-01-24 09:38:02] Updated [bff2fd3a-23e1-4a62-b64b-c47ac01cd852] => 'emmalovvee'
[2025-01-24 09:38:03] Updated [c05a7d2d-cad1-48ac-85ac-766a3d538233] => 'raven5736'
[2025-01-24 09:38:04] Updated [c0768d62-6253-44f4-9757-a39badeeb998] => 'sliceofpibanker'
[2025-01-24 09:38:06] Updated [c085b56a-8026-47ea-b37d-2e48ecad9ff6] => 'bot125121xx'
[2025-01-24 09:38:07] Updated [c0921028-4ba9-4351-b530-906a6d406d60] => 'seirin'
[2025-01-24 09:38:08] Updated [c0a63159-5542-448e-9009-5d4201af00ff] => 'karmariray'
[2025-01-24 09:38:09] Updated [c0e3f5eb-4dcc-4c0a-9110-c4a39ca64d09] => 'ghestheria bromide'
[2025-01-24 09:38:10] Updated [c183803e-56b6-4063-a896-4889cb14cba2] => 'tiiiingz'
[2025-01-24 09:38:11] Updated [c1ca07ee-87b6-4aa5-bc9b-3e24b3344d77] => 'azshara ayashi'
[2025-01-24 09:38:12] Updated [c203993d-ff88-4cc4-b55c-137edd729cb5] => 'luke juran'
[2025-01-24 09:38:13] Updated [c22b0517-0a16-4fab-ba96-9cee237857bf] => 'emiileem'
[2025-01-24 09:38:15] Updated [c29c6cf2-8ed0-49ee-875c-f6d494d51533] => 'huggiesmonster'
[2025-01-24 09:38:16] Updated [c3183100-560a-4a34-8c6d-9cd06ce19c66] => 'xxsweeteternity'
[2025-01-24 09:38:17] Updated [c3542539-320d-4610-83d3-e59cf138438e] => 'noahlanden'
[2025-01-24 09:38:18] Updated [c49f27a6-3388-495a-88d5-aad7b4d0b253] => 'biankabanx'
[2025-01-24 09:38:19] Updated [c530cdb2-d9e8-4539-b775-295ef182ddd7] => 'corpse simp'
[2025-01-24 09:38:20] Updated [c539d044-d62b-42ae-ae57-e6f164e92877] => 'vohlm'
[2025-01-24 09:38:21] Updated [c585bb58-2020-4826-9f4a-c0742b895ecd] => 'subgaia'
[2025-01-24 09:38:22] Updated [c592bb42-48ce-4b27-9671-4ad9d72a44a5] => 'sinister bloodrose'
[2025-01-24 09:38:23] Updated [c61e2c02-6452-429e-96d0-1305386d0691] => 'chrisupi007'
[2025-01-24 09:38:25] Updated [c62c3ac8-9fb6-4b6c-9839-3dd33543e088] => 'zumaira'
[2025-01-24 09:38:26] Updated [c67de44c-357d-413c-a613-da756a70ca74] => 'duncan delicioso'
[2025-01-24 09:38:27] Updated [c6a17036-f7cf-4c32-b86f-d288521ad4e1] => 'xzippers'
[2025-01-24 09:38:28] Updated [c7696386-1f84-4cab-8874-897c42621831] => 'laviniasoren'
[2025-01-24 09:38:29] Updated [c786ff9d-d9a2-40b8-b5aa-97cb40e43f13] => 'romanticosl'
[2025-01-24 09:38:30] Updated [c80ea982-244b-4b7c-98cd-c01f59c091f7] => 'miryka wind'
[2025-01-24 09:38:31] Updated [c81fd279-ac6a-45e1-aeb6-06fd5b1ad26b] => 'zackaryzane404'
[2025-01-24 09:38:32] Updated [c8457d0f-4ca6-4006-9f66-c5a1cc1dad1b] => 'carloooh'
[2025-01-24 09:38:33] Updated [c8700143-fa40-406c-b906-d883840d448c] => 'thearbiter008'
[2025-01-24 09:38:35] Updated [c877857b-42bf-4dbd-b2de-890a58802522] => 'zena133'
[2025-01-24 09:38:36] Updated [c87f09b9-77c8-4e88-83c4-db9154401719] => 'aliinaasheeperd'
[2025-01-24 09:38:37] Updated [c8d03abe-4d3d-4e52-91ef-993852c54b7b] => 'flash12345678'
[2025-01-24 09:38:38] Updated [c91cf911-19be-4d8d-805a-1f6513608628] => 'aylemay'
[2025-01-24 09:38:39] Updated [c98f6a81-7cea-4bf7-9101-8aecddbf8f9a] => 'lyric foxpaws'
[2025-01-24 09:38:40] Updated [c9e3ea20-854d-47d7-ab32-d104a8d12d0e] => 'kerlikoiv2019'
[2025-01-24 09:38:41] Updated [caa26cff-565d-4b82-88ab-b665e340e3d8] => 'paulaa1777'
[2025-01-24 09:38:42] Updated [cad509d7-c9af-45f4-a4e8-14bcfff25e36] => 'harleychic35'
[2025-01-24 09:38:43] Updated [caed2169-f76b-47a3-af6f-5bb4e2c6fe19] => 'roby87'
[2025-01-24 09:38:45] Updated [cafac445-5c2c-41dd-8692-9fb5676506b0] => 'sarina hexem'
[2025-01-24 09:38:46] Updated [cb465903-a914-4f23-be47-6639dfc0dc01] => 'knickknackcrackitycrack'
[2025-01-24 09:38:47] Updated [cbd0ca9c-a21c-47c2-ae8b-705db7b214f0] => 'vixenqueen23'
[2025-01-24 09:38:48] Updated [cd87adb0-2843-4d96-b460-c7f77a31d1a9] => 'five ansia'
[2025-01-24 09:38:49] Updated [cd8a8ff2-3cf0-437f-868b-db20f6936089] => 'vannillska'
[2025-01-24 09:38:50] Updated [cde8247b-8472-4856-a01c-7dcc8e302a50] => 'ozzmadark69'
[2025-01-24 09:38:51] Updated [ce09ebf6-e640-4719-96ee-16b411fb9f86] => 'roguemurmur'
[2025-01-24 09:38:52] Updated [ce896715-ff46-49f0-a3e3-986de9e54bb5] => 'ninja nova'
[2025-01-24 09:38:53] Updated [cea6792f-7a77-4e64-9309-8a09ab5fd188] => 'alice crisp'
[2025-01-24 09:38:55] Updated [cee31a6a-19c4-4d9b-860a-1b295bf88db9] => 'sami bloodrose'
[2025-01-24 09:38:56] Updated [cf31b040-41a7-481b-885c-ce3e97b222ca] => 'halseyeilish'
[2025-01-24 09:38:57] Updated [cf5fd1dc-1de3-46c2-8025-d7eff05a93ab] => 'ariehn baxter'
[2025-01-24 09:38:58] Updated [cf9d50f6-31a3-4f32-8360-ebb47a456d68] => 'mongoloidee'
[2025-01-24 09:38:59] Updated [d0ce77f9-58a1-4f7d-943a-05092a7f792c] => 'kuchisakeonna absinthe'
[2025-01-24 09:39:00] Updated [d1a2116a-f74a-47c3-9bac-1ecc875867c4] => 'renwolfendore23'
[2025-01-24 09:39:01] Updated [d1a4f18a-e7b6-4298-afea-bc4fedd5ddf5] => 'miraum'
[2025-01-24 09:39:02] Updated [d1c8dd91-426b-4807-bec3-f996fe2fe772] => 'minako denfu'
[2025-01-24 09:39:04] Updated [d1dbc30f-78de-4e13-9135-744f08589b89] => 'vampbae'
[2025-01-24 09:39:05] Updated [d20f0418-e991-4914-a3c4-09e22e9a6433] => 'abzenseoflight'
[2025-01-24 09:39:06] Updated [d22a3bf5-71e0-48c8-8523-7a4b92f0be9d] => 'altara delwood'
[2025-01-24 09:39:07] Updated [d2691972-11ae-4432-aaaa-f9bd60284335] => 'grafzaepisch'
[2025-01-24 09:39:08] Updated [d32f3765-1277-4f25-b817-f0cc4dc4e254] => 'sheepywaifu'
[2025-01-24 09:39:09] Updated [d36e62db-cfd8-4e1d-a18c-35703fa3d60a] => 'valpurgia'
[2025-01-24 09:39:10] Updated [d45efe25-a3c3-4459-8a09-f180c7404655] => 'haakon1'
[2025-01-24 09:39:11] Updated [d48c3923-d8a6-479d-8519-0df97c4b9893] => 'lady stoker'
[2025-01-24 09:39:12] Updated [d502d7c0-e797-46b6-b020-e92a103dca75] => 'arthemis karsin'
[2025-01-24 09:39:14] Updated [d526f531-83ba-4f21-971c-c62da08d1d36] => 'ignoblefey'
[2025-01-24 09:39:15] Updated [d59c48be-e574-4dca-b3e5-793af9366db6] => 'grimmjowjaegerjaquez'
[2025-01-24 09:39:16] Updated [d5b9e279-b8c9-45ec-b336-7aa94ce4658e] => 'djphenex silversmith'
[2025-01-24 09:39:17] Updated [d5d081ee-4b16-43fe-b377-2c622d39fc34] => 'elaineleblanc'
[2025-01-24 09:39:18] Updated [d5dc9c5c-53c6-4a90-b4e6-e1598a123e29] => 'lessien silverfall'
[2025-01-24 09:39:19] Updated [d61f51b5-56fc-4a1a-bd31-a9cb0e3e8aff] => 'nicklasroos'
[2025-01-24 09:39:20] Updated [d64f5b97-3e73-4ff5-a5de-19e5231aa75a] => 'setaris'
[2025-01-24 09:39:21] Updated [d66fd8f6-fb8f-4fe8-a74c-680613d8b4da] => 'avi ashmoot'
[2025-01-24 09:39:22] Updated [d686476c-a0b6-4efb-98ce-df38dfc891e7] => 'makayla87'
[2025-01-24 09:39:24] Updated [d695b17a-6504-4697-a945-0b71c53e4771] => 'sophiejeanneladouce'
[2025-01-24 09:39:25] Updated [d777f842-2457-42e3-915c-8fecae7b7ba6] => 'operatingmedusa'
[2025-01-24 09:39:26] Updated [d7a08a42-b6a0-4bdc-acee-54f2901172f7] => 'rolandecho'
[2025-01-24 09:39:27] Updated [d8747b6f-775f-42fc-8dd6-018cec735bd5] => 'ozzmadark420'
[2025-01-24 09:39:28] Updated [d88d6d0f-b97e-481e-af58-f2fcbd1ae83c] => 'banejohnson'
[2025-01-24 09:39:29] Updated [d9452c00-549f-4734-86ec-b5816ab3a99c] => 'aliastast'
[2025-01-24 09:39:30] Updated [d9b17010-51c2-40f5-a8d8-8e2982e42b45] => 'svendarkness1'
[2025-01-24 09:39:31] Updated [d9ca0cf5-2906-41e6-a626-b5a1f9d6ddd7] => 'quincywest666'
[2025-01-24 09:39:33] Updated [daf0e584-b842-4e7d-923a-c1afa0e8bfa1] => 'trillyangel'
[2025-01-24 09:39:34] Updated [dbb22239-023f-4098-a982-f40609351e4a] => 'treix'
[2025-01-24 09:39:35] Updated [dbfd499a-9fa1-4d84-8771-3d45fecdeb9c] => 'perpetual phantom'
[2025-01-24 09:39:36] Updated [dcd531da-3018-43f8-88a0-a67a22c1e337] => 'mrbabu szpringer'
[2025-01-24 09:39:37] Updated [ddb605ba-6859-4dce-bdb5-0c2e39d6cd2b] => 'fiona haalan'
[2025-01-24 09:39:38] Updated [ddc724ca-6128-4153-baf2-f7bd491ed1c3] => 'architect auster'
[2025-01-24 09:39:39] Updated [ddf4954e-264e-49d8-8d18-1f42fb89fa82] => 'saruiytai'
[2025-01-24 09:39:40] Updated [de079b62-dc00-4e7f-90f5-f84b83d8cc8f] => 'jessicalive1'
[2025-01-24 09:39:41] Updated [de23923e-269c-4df0-ab78-78cc86509685] => 'auroraskye foxtail'
[2025-01-24 09:39:43] Updated [de49e8cc-3b71-4454-bcaf-476981bcb176] => 'makia15'
[2025-01-24 09:39:44] Updated [de508c6c-f59d-494d-8a4a-2620a1a1ff2a] => 'romanticasl'
[2025-01-24 09:39:45] Updated [df1dc07f-e97b-4406-9804-6f3bb368919d] => 'rubert dagger'
[2025-01-24 09:39:46] Updated [df73e38b-83b3-4a82-965b-da83e582878d] => 'fernandocach'
[2025-01-24 09:39:47] Updated [dff89f85-4084-47e6-9f2b-4d29000b1f81] => 'luana korpov'
[2025-01-24 09:39:48] Updated [e0385e8b-d0b8-476b-91b8-1b28eef86b0b] => 'melissa babii'
[2025-01-24 09:39:49] Updated [e04b22cd-ed27-4d39-8a1a-8c6f8336c1a0] => 'victorsinz'
[2025-01-24 09:39:50] Updated [e05613b7-7dfb-4fca-84f1-4c73457092e3] => 'zegrath skydancer'
[2025-01-24 09:39:51] Updated [e0ba0156-764b-4dd3-b09c-999791a36eba] => 'queenlea868'
[2025-01-24 09:39:53] Updated [e0ff8079-3155-481f-866f-7062bc65b3de] => 'monstermash2020'
[2025-01-24 09:39:54] Updated [e11fa7b9-47de-4707-a5be-d1f9fa8e8f72] => 'serbiana23'
[2025-01-24 09:39:55] Updated [e185d437-974c-46df-9b8d-0e69a0be08c0] => 'raulgostozo'
[2025-01-24 09:39:56] Updated [e21ef1a2-e3a6-4431-8310-ac485d8011a3] => 'nonborn'
[2025-01-24 09:39:57] Updated [e2b33c1a-dc6a-48d5-8806-5ec71a8c2a7b] => 'talonshadow'
[2025-01-24 09:39:58] Updated [e3413280-54eb-4328-8bdf-55139d028717] => 'screengalaxy'
[2025-01-24 09:39:59] Updated [e3880123-2f3d-427a-8382-fd5701ddf663] => 'jowar zessinthal'
[2025-01-24 09:40:00] Updated [e388afff-5d1e-48d1-879c-85b9ece89965] => 'xlunamelx'
[2025-01-24 09:40:01] Updated [e3f725aa-0d23-49aa-962a-b467d59cc636] => 'kai starsider'
[2025-01-24 09:40:03] Updated [e408a2c5-0efa-4a2d-8cd4-05704601c8a4] => 'neridakai'
[2025-01-24 09:40:04] Updated [e4410c7f-4c82-4417-9238-45bc7a27978a] => 'abz nightwish'
[2025-01-24 09:40:05] Updated [e4865848-b8ce-4f5d-8040-8aa3ada2d50b] => 'moonchila'
[2025-01-24 09:40:06] Updated [e5448084-633e-46dd-8037-b98fb8b2f76a] => 'dylanmrdry'
[2025-01-24 09:40:07] Updated [e54ce55c-271c-4b45-832a-eae71897a73d] => 'michi boo'
[2025-01-24 09:40:08] Updated [e556e54f-5fc3-4ca8-a09b-e75a63546e08] => 'darkdeathwing'
[2025-01-24 09:40:09] Updated [e6174611-0b07-4cd5-83b8-cfa5e1e55dda] => 'ninjie'
[2025-01-24 09:40:10] Updated [e64d49bb-0684-4467-93ba-f49048f77414] => 'princesspiper2016'
[2025-01-24 09:40:12] Updated [e73b1581-cad9-4abf-bd18-9ee5c7fd978d] => 'aelithe starling'
[2025-01-24 09:40:13] Updated [e793c855-9207-4c1a-95e1-91d0750acaa5] => 'diabolicantonia'
[2025-01-24 09:40:14] Updated [e85c7b48-fadb-4e01-ae62-b090457c76a4] => 'ladysnow fang'
[2025-01-24 09:40:15] Updated [e902157b-f234-4473-a6b7-47d275d453d6] => 'yosele vollmar'
[2025-01-24 09:40:16] Updated [e95539bc-316e-4d6d-aacd-30360d402e41] => 'oooimorenaooo'
[2025-01-24 09:40:17] Updated [e96183ce-ab1f-46da-9aea-97b483abe83c] => 'arthur huntsman'
[2025-01-24 09:40:18] Updated [e974a526-7f34-453e-8304-420b54021018] => 'fasniper'
[2025-01-24 09:40:19] Updated [e9c28563-2eb4-4d44-b13e-9ea42d903888] => 'yeongsukkr'
[2025-01-24 09:40:20] Updated [e9c40e30-0996-4d9a-915d-01b2c69dde2a] => 'manlra rembranch'
[2025-01-24 09:40:22] Updated [e9f79570-29ef-4fb1-bd7b-27094b47c7a5] => 'bellazgz'
[2025-01-24 09:40:23] Updated [ea2be1e7-07d4-446e-b94e-a7ddd5f6d1bd] => 'portexploits'
[2025-01-24 09:40:24] Updated [ea86b596-d08f-4887-bb10-a93ed6f32f62] => 'bullshitexpress'
[2025-01-24 09:40:25] Updated [eac03bb9-5019-427f-b775-7ca402b77bf7] => 'yourdaddyuwu'
[2025-01-24 09:40:26] Updated [eb138d6d-69e3-4c8c-a9ec-4d42222e02bf] => 'flaim007'
[2025-01-24 09:40:27] Updated [eb5b9f02-4426-4798-aa5f-a5247062dc63] => 'taylor86jones'
[2025-01-24 09:40:28] Updated [eb795ce0-663e-4bef-8ef0-28648819cc19] => 'kou ayashi'
[2025-01-24 09:40:29] Updated [ec3cad41-ed88-4bd2-8056-0752d559e5d4] => 'princessevelynne'
[2025-01-24 09:40:31] Updated [ecaca8be-b91e-406a-9adc-da6558cb9e39] => 'hexemalena'
[2025-01-24 09:40:32] Updated [ed341cbf-1be8-492b-a1b5-5caba1b77fd7] => 'nicolyguglielmi'
[2025-01-24 09:40:33] Updated [ed3e2f0c-809d-488b-8866-5b5591a1477d] => 'sn0wxo'
[2025-01-24 09:40:34] Updated [ed810b91-efdc-4488-bb63-a9e3cc222a5d] => 'natas sabretooth'
[2025-01-24 09:40:35] Updated [ed950e9d-8c83-444f-9679-138baf1ba49e] => 'jamel marques'
[2025-01-24 09:40:36] Updated [ee53937b-848f-4dc0-b65f-b14cab44569d] => 'raversito'
[2025-01-24 09:40:37] Updated [ee9d8535-8996-41c9-93be-6cdb38818326] => 'isabell124'
[2025-01-24 09:40:38] Updated [ef181f23-d269-4cc9-b0b7-6c39f27195e9] => 'tayla ordinary'
[2025-01-24 09:40:40] Updated [ef65eac0-af86-44f0-ac2b-e522b237453c] => 'summer starling'
[2025-01-24 09:40:41] Updated [ef8982de-928c-4da9-ac6e-2a21bf0f6baf] => 'adderallblackheart666'
[2025-01-24 09:40:42] Updated [f182240f-d8b9-470c-b01b-95beae015eaa] => 'valeasun'
[2025-01-24 09:40:43] Updated [f1c4be80-0408-422c-a836-3f28ba069f82] => 'huntresslittlelionheartblanco'
[2025-01-24 09:40:44] Updated [f2970e1d-da87-4930-86af-8c6ae8ee8d38] => 'ferranjansen'
[2025-01-24 09:40:45] Updated [f2ad7668-91ab-4747-8886-ee9ff294807d] => 'xcaterinahotx'
[2025-01-24 09:40:46] Updated [f2b16015-a6e1-41d3-909d-3cc128aefd3f] => 'anilinkon'
[2025-01-24 09:40:47] Updated [f2fe9149-42b4-47d0-b47e-5dd56e4206ba] => 'lilbear2986'
[2025-01-24 09:40:48] Updated [f30e7747-e19a-473c-97b0-95488d89dae8] => 'kkillerqueenn'
[2025-01-24 09:40:50] Updated [f30f919e-a5d0-4632-9c66-ebfe5443f2b9] => 'bubblebeep serenade'
[2025-01-24 09:40:51] Updated [f3414481-7743-460d-80c3-c3ee3eeac15a] => 'toreadorelijah'
[2025-01-24 09:40:52] Updated [f38df005-1a35-424a-97cc-8c4928f2c657] => 'insanity2123'
[2025-01-24 09:40:53] Updated [f39c1744-dacf-4585-b200-4140e118a4e6] => 'etherwelle'
[2025-01-24 09:40:54] Updated [f3b6395b-fa43-41a1-a75f-78712c61141a] => 'myheart2u'
[2025-01-24 09:40:55] Updated [f4796f0c-4a27-4717-bcdf-1be33a7c877a] => 'flyefeller'
[2025-01-24 09:40:56] Updated [f551c493-f072-47d2-b005-a6992f54071f] => 'athenadruid'
[2025-01-24 09:40:57] Updated [f56de68e-f31e-4583-9d29-de3f541fa0d2] => 'robwhitewolf'
[2025-01-24 09:40:59] Updated [f5860cfe-9e70-40d9-93e5-b35c79018a21] => 'ragna713'
[2025-01-24 09:41:00] Updated [f5a5595c-9038-48c8-a8fb-953de55dac2d] => 'winkgurl'
[2025-01-24 09:41:01] Updated [f5e8da3e-eb23-4b9c-9a38-b36712b74615] => 'irishmick1980'
[2025-01-24 09:41:02] Updated [f5ed554c-4489-4774-97c1-afb9468742dd] => 'amberfalcon'
[2025-01-24 09:41:03] Updated [f60cc845-0012-4154-9898-76612b289b9b] => 'yulskhaleesi'
[2025-01-24 09:41:04] Updated [f64c9360-0313-479c-9c3b-0bf56753a594] => 'armandobroncaseguro'
[2025-01-24 09:41:05] Updated [f6baa78d-fadc-4d34-9ad7-835d582f0e1f] => 'pixelbottom136'
[2025-01-24 09:41:06] Updated [f788f77d-0101-40d1-9171-c499bf742b86] => 'da huntsman'
[2025-01-24 09:41:07] Updated [f7bc005b-7895-4418-ba9f-4d3e5f71c28d] => 'truistl0v3'
[2025-01-24 09:41:09] Updated [f7f0899f-0dd3-40fe-bca8-a2a6d99410b2] => 'brittany leeder'
[2025-01-24 09:41:10] Updated [f8051f2f-c8a5-49f9-92af-e4328461a70a] => 'paulinnie'
[2025-01-24 09:41:11] Updated [f83cd1af-cc96-47c5-84e3-49e0c09bbc8a] => 'jayk voxel'
[2025-01-24 09:41:12] Updated [f99d25c1-51eb-4556-9128-573559a80cfa] => 'jaded ocean'
[2025-01-24 09:41:13] Updated [fa631cce-ccbc-4575-b20d-134fad466d85] => 'ashentechno'
[2025-01-24 09:41:14] Updated [fa697d3f-4fed-4f9e-a328-bfa5ae091d24] => 'ryofushiguro'
[2025-01-24 09:41:15] Updated [fa6f64ba-c5af-4611-aa91-9193ee4768bc] => 'bellahelem'
[2025-01-24 09:41:16] Updated [fafa7c3a-8430-4cda-96a3-49b8d517ccde] => 'carlyromina'
[2025-01-24 09:41:17] Updated [fc3d1a9e-403f-4534-be07-cb7d1e0a17ec] => 'luhkunt'
[2025-01-24 09:41:19] Updated [fce30bab-432b-4e6c-a9ba-86cc4345f8bc] => 'aboganterdeldiablo'
[2025-01-24 09:41:20] Updated [fd25cfd0-749b-4fba-8451-16dd2b37094e] => 'xprincessblackx'
[2025-01-24 09:41:21] Updated [fd4b1897-39af-4d4c-bf90-8d21ebdf81ba] => 'xpup'
[2025-01-24 09:41:22] Updated [fdaa7504-adcc-4f34-9f86-dd0368fc8745] => 'gunwald constantine'
[2025-01-24 09:41:23] Updated [fdbbb007-4237-413b-b8d1-336f82033939] => 'k1234567890y'
[2025-01-24 09:41:24] Updated [fe0194d1-6c6e-4a18-8ad3-b9cf506d7860] => 'marlonbrando'
[2025-01-24 09:41:25] Updated [fe6bd9bd-e04c-4b3b-ba4b-2f7aba9e4d8c] => 'esteve666'
[2025-01-24 09:41:26] Updated [febc5e76-9ab1-4db4-b532-0b665fe8ab33] => 'jvlagic'
[2025-01-24 09:41:28] Updated [fec71778-86d8-4240-8d73-d9a248f87a76] => 'braitth'
[2025-01-24 09:41:29] Updated [ff907950-f72b-4def-8f69-ab4b04e37299] => 'lex firehart'
[2025-01-24 09:41:29] Done updating legacy names. Processed 697 player(s).
